#
# There is insufficient memory for the Java Runtime Environment to continue.
# Native memory allocation (mmap) failed to map 80740352 bytes for G1 virtual space
# Possible reasons:
#   The system is out of physical RAM or swap space
#   The process is running with CompressedOops enabled, and the Java Heap may be blocking the growth of the native heap
# Possible solutions:
#   Reduce memory load on the system
#   Increase physical memory or swap space
#   Check if swap backing store is full
#   Decrease Java heap size (-Xmx/-Xms)
#   Decrease number of Java threads
#   Decrease Java thread stack sizes (-Xss)
#   Set larger code cache with -XX:ReservedCodeCacheSize=
#   JVM is running with Unscaled Compressed Oops mode in which the Java heap is
#     placed in the first 4GB address space. The Java Heap base address is the
#     maximum limit for the native heap growth. Please use -XX:HeapBaseMinAddress
#     to set the Java Heap base and to place the Java Heap above 4GB virtual address.
# This output file may be truncated or incomplete.
#
#  Out of Memory Error (os_windows.cpp:3466), pid=1756, tid=4268
#
# JRE version: Java(TM) SE Runtime Environment (16.0.2+7) (build 16.0.2+7-67)
# Java VM: Java HotSpot(TM) 64-Bit Server VM (16.0.2+7-67, mixed mode, sharing, tiered, compressed oops, compressed class ptrs, g1 gc, windows-amd64)
# No core dump will be written. Minidumps are not enabled by default on client versions of Windows
#

---------------  S U M M A R Y ------------

Command Line: -javaagent:C:\Program Files\JetBrains\IntelliJ IDEA 2021.3.3\lib\idea_rt.jar=57764:C:\Program Files\JetBrains\IntelliJ IDEA 2021.3.3\bin -Dfile.encoding=windows-1251 MainKt

Host: Intel(R) Xeon(R) CPU           E5450  @ 3.00GHz, 4 cores, 3G,  Windows 7 , 64 bit Build 7601 (6.1.7601.25682)
Time: Thu Jun  6 19:57:57 2024 –оманское врем€ (зима) elapsed time: 3.277435 seconds (0d 0h 0m 3s)

---------------  T H R E A D  ---------------

Current thread (0x000000001e33dd30):  VMThread "VM Thread" [stack: 0x000000001eab0000,0x000000001ebb0000] [id=4268]

Stack: [0x000000001eab0000,0x000000001ebb0000]
Native frames: (J=compiled Java code, j=interpreted, Vv=VM code, C=native code)
V  [jvm.dll+0x6681ca]
V  [jvm.dll+0x7c9e69]
V  [jvm.dll+0x7cb61e]
V  [jvm.dll+0x7cbc73]
V  [jvm.dll+0x242c55]
V  [jvm.dll+0x664f89]
V  [jvm.dll+0x659b75]
V  [jvm.dll+0x2fbfbb]
V  [jvm.dll+0x3031b6]
V  [jvm.dll+0x35299e]
V  [jvm.dll+0x352bcf]
V  [jvm.dll+0x2d3028]
V  [jvm.dll+0x2d0bb5]
V  [jvm.dll+0x2d01ec]
V  [jvm.dll+0x3152d2]
V  [jvm.dll+0x7d00ab]
V  [jvm.dll+0x7d0da4]
V  [jvm.dll+0x7d12a9]
V  [jvm.dll+0x7d1564]
V  [jvm.dll+0x7d1630]
V  [jvm.dll+0x7795aa]
V  [jvm.dll+0x667066]
C  [ucrtbase.DLL+0x1d912]
C  [kernel32.dll+0x155dd]
C  [ntdll.dll+0x5295d]

VM_Operation (0x00000000020cde70): G1CollectForAllocation, mode: safepoint, requested by thread 0x000000000034aee0


---------------  P R O C E S S  ---------------

Threads class SMR info:
_java_thread_list=0x0000000020625da0, length=13, elements={
0x000000000034aee0, 0x000000001e341c40, 0x000000001e3435d0, 0x000000001e358100,
0x000000001e358a10, 0x000000001e359ee0, 0x000000001e35af90, 0x000000001e3682e0,
0x000000001e368c30, 0x000000001e36a8b0, 0x000000001e980600, 0x0000000020621780,
0x0000000020629a40
}

Java Threads: ( => current thread )
  0x000000000034aee0 JavaThread "main" [_thread_blocked, id=3124, stack(0x0000000001fd0000,0x00000000020d0000)]
  0x000000001e341c40 JavaThread "Reference Handler" daemon [_thread_blocked, id=1392, stack(0x000000001f490000,0x000000001f590000)]
  0x000000001e3435d0 JavaThread "Finalizer" daemon [_thread_blocked, id=1824, stack(0x000000001f660000,0x000000001f760000)]
  0x000000001e358100 JavaThread "Signal Dispatcher" daemon [_thread_blocked, id=3828, stack(0x000000001f8e0000,0x000000001f9e0000)]
  0x000000001e358a10 JavaThread "Attach Listener" daemon [_thread_blocked, id=2316, stack(0x000000001f7b0000,0x000000001f8b0000)]
  0x000000001e359ee0 JavaThread "Service Thread" daemon [_thread_blocked, id=5452, stack(0x000000001fb60000,0x000000001fc60000)]
  0x000000001e35af90 JavaThread "Monitor Deflation Thread" daemon [_thread_blocked, id=1584, stack(0x000000001fa40000,0x000000001fb40000)]
  0x000000001e3682e0 JavaThread "C2 CompilerThread0" daemon [_thread_blocked, id=5280, stack(0x000000001fd50000,0x000000001fe50000)]
  0x000000001e368c30 JavaThread "C1 CompilerThread0" daemon [_thread_blocked, id=3640, stack(0x000000001fea0000,0x000000001ffa0000)]
  0x000000001e36a8b0 JavaThread "Sweeper thread" daemon [_thread_blocked, id=3924, stack(0x0000000020090000,0x0000000020190000)]
  0x000000001e980600 JavaThread "Common-Cleaner" daemon [_thread_blocked, id=2576, stack(0x0000000020360000,0x0000000020460000)]
  0x0000000020621780 JavaThread "Monitor Ctrl-Break" daemon [_thread_in_native, id=4772, stack(0x00000000209e0000,0x0000000020ae0000)]
  0x0000000020629a40 JavaThread "Notification Thread" daemon [_thread_blocked, id=3348, stack(0x00000000208a0000,0x00000000209a0000)]

Other Threads:
=>0x000000001e33dd30 VMThread "VM Thread" [stack: 0x000000001eab0000,0x000000001ebb0000] [id=4268]
  0x000000001e356ce0 WatcherThread [stack: 0x0000000020b10000,0x0000000020c10000] [id=5416]
  0x000000000037de80 GCTaskThread "GC Thread#0" [stack: 0x000000001b9d0000,0x000000001bad0000] [id=2116]
  0x0000000020d34200 GCTaskThread "GC Thread#1" [stack: 0x0000000021510000,0x0000000021610000] [id=1068]
  0x0000000020d3e560 GCTaskThread "GC Thread#2" [stack: 0x000000001e600000,0x000000001e700000] [id=5328]
  0x0000000020d34510 GCTaskThread "GC Thread#3" [stack: 0x00000000216d0000,0x00000000217d0000] [id=3120]
  0x0000000000388dd0 ConcurrentGCThread "G1 Main Marker" [stack: 0x000000001bb80000,0x000000001bc80000] [id=304]
  0x000000000038a310 ConcurrentGCThread "G1 Conc#0" [stack: 0x000000001bd30000,0x000000001be30000] [id=4324]
  0x00000000003c12b0 ConcurrentGCThread "G1 Refine#0" [stack: 0x000000001e500000,0x000000001e600000] [id=4692]
  0x0000000020d34820 ConcurrentGCThread "G1 Refine#1" [stack: 0x0000000021940000,0x0000000021a40000] [id=5084]
  0x00000000220b7c70 ConcurrentGCThread "G1 Refine#2" [stack: 0x0000000022a70000,0x0000000022b70000] [id=1732]
  0x0000000021a96120 ConcurrentGCThread "G1 Refine#3" [stack: 0x0000000023840000,0x0000000023940000] [id=4064]
  0x00000000003c3c40 ConcurrentGCThread "G1 Service" [stack: 0x000000001e710000,0x000000001e810000] [id=4536]

Threads with active compile tasks:
C2 CompilerThread0     3332 2100       4       org.apache.xmlbeans.impl.store.Xobj::getUser (145 bytes)

VM state: at safepoint (normal execution)

VM Mutex/Monitor currently owned by a thread:  ([mutex/lock_event])
[0x00000000003459a0] Threads_lock - owner thread: 0x000000001e33dd30
[0x0000000000345fd0] Heap_lock - owner thread: 0x000000000034aee0

Heap address: 0x00000000c0000000, size: 1024 MB, Compressed Oops mode: 32-bit

CDS archive(s) mapped at: [0x0000000800000000-0x0000000800bb0000-0x0000000800bb0000), size 12255232, SharedBaseAddress: 0x0000000800000000, ArchiveRelocationMode: 0.
Compressed class space mapped at: 0x0000000800c00000-0x0000000840c00000, reserved size: 1073741824
Narrow klass base: 0x0000000800000000, Narrow klass shift: 3, Narrow klass range: 0x100000000

GC Precious Log:
 CPUs: 4 total, 4 available
 Memory: 4094M
 Large Page Support: Disabled
 NUMA Support: Disabled
 Compressed Oops: Enabled (32-bit)
 Heap Region Size: 1M
 Heap Min Capacity: 8M
 Heap Initial Capacity: 64M
 Heap Max Capacity: 1G
 Pre-touch: Disabled
 Parallel Workers: 4
 Concurrent Workers: 1
 Concurrent Refinement Workers: 4
 Periodic GC: Disabled

Heap:
 garbage-first heap   total 78848K, used 54784K [0x00000000c0000000, 0x0000000100000000)
  region size 1024K, 2 young (2048K), 2 survivors (2048K)
 Metaspace       used 11893K, committed 12160K, reserved 1064960K
  class space    used 1267K, committed 1408K, reserved 1048576K

Heap Regions: E=young(eden), S=young(survivor), O=old, HS=humongous(starts), HC=humongous(continues), CS=collection set, F=free, OA=open archive, CA=closed archive, TAMS=top-at-mark-start (previous, next)
|   0|0x00000000c0000000, 0x00000000c0100000, 0x00000000c0100000|100%| O|  |TAMS 0x00000000c0000000, 0x00000000c0100000| Untracked 
|   1|0x00000000c0100000, 0x00000000c0200000, 0x00000000c0200000|100%|HS|  |TAMS 0x00000000c0100000, 0x00000000c0200000| Complete 
|   2|0x00000000c0200000, 0x00000000c0300000, 0x00000000c0300000|100%| O|  |TAMS 0x00000000c0200000, 0x00000000c0300000| Untracked 
|   3|0x00000000c0300000, 0x00000000c0400000, 0x00000000c0400000|100%| O|  |TAMS 0x00000000c0300000, 0x00000000c0400000| Untracked 
|   4|0x00000000c0400000, 0x00000000c0500000, 0x00000000c0500000|100%| O|  |TAMS 0x00000000c0400000, 0x00000000c0500000| Untracked 
|   5|0x00000000c0500000, 0x00000000c0600000, 0x00000000c0600000|100%| O|  |TAMS 0x00000000c0500000, 0x00000000c0600000| Untracked 
|   6|0x00000000c0600000, 0x00000000c0700000, 0x00000000c0700000|100%| O|  |TAMS 0x00000000c0600000, 0x00000000c0700000| Untracked 
|   7|0x00000000c0700000, 0x00000000c0800000, 0x00000000c0800000|100%| O|  |TAMS 0x00000000c0700000, 0x00000000c0800000| Untracked 
|   8|0x00000000c0800000, 0x00000000c0900000, 0x00000000c0900000|100%|HS|  |TAMS 0x00000000c0800000, 0x00000000c0900000| Complete 
|   9|0x00000000c0900000, 0x00000000c0a00000, 0x00000000c0a00000|100%|HC|  |TAMS 0x00000000c0900000, 0x00000000c0a00000| Complete 
|  10|0x00000000c0a00000, 0x00000000c0b00000, 0x00000000c0b00000|100%|HC|  |TAMS 0x00000000c0a00000, 0x00000000c0b00000| Complete 
|  11|0x00000000c0b00000, 0x00000000c0c00000, 0x00000000c0c00000|100%| O|  |TAMS 0x00000000c0b00000, 0x00000000c0c00000| Untracked 
|  12|0x00000000c0c00000, 0x00000000c0d00000, 0x00000000c0d00000|100%| O|  |TAMS 0x00000000c0c00000, 0x00000000c0d00000| Untracked 
|  13|0x00000000c0d00000, 0x00000000c0e00000, 0x00000000c0e00000|100%| O|  |TAMS 0x00000000c0d00000, 0x00000000c0e00000| Untracked 
|  14|0x00000000c0e00000, 0x00000000c0f00000, 0x00000000c0f00000|100%| O|  |TAMS 0x00000000c0e00000, 0x00000000c0f00000| Untracked 
|  15|0x00000000c0f00000, 0x00000000c1000000, 0x00000000c1000000|100%| O|  |TAMS 0x00000000c0f00000, 0x00000000c1000000| Untracked 
|  16|0x00000000c1000000, 0x00000000c1100000, 0x00000000c1100000|100%| O|  |TAMS 0x00000000c1000000, 0x00000000c1100000| Untracked 
|  17|0x00000000c1100000, 0x00000000c1200000, 0x00000000c1200000|100%| O|  |TAMS 0x00000000c1100000, 0x00000000c1200000| Untracked 
|  18|0x00000000c1200000, 0x00000000c1300000, 0x00000000c1300000|100%| O|  |TAMS 0x00000000c1200000, 0x00000000c1300000| Untracked 
|  19|0x00000000c1300000, 0x00000000c1400000, 0x00000000c1400000|100%| O|  |TAMS 0x00000000c1300000, 0x00000000c1400000| Untracked 
|  20|0x00000000c1400000, 0x00000000c1500000, 0x00000000c1500000|100%| O|  |TAMS 0x00000000c1400000, 0x00000000c1500000| Untracked 
|  21|0x00000000c1500000, 0x00000000c1600000, 0x00000000c1600000|100%| O|  |TAMS 0x00000000c1500000, 0x00000000c1600000| Untracked 
|  22|0x00000000c1600000, 0x00000000c1700000, 0x00000000c1700000|100%| O|  |TAMS 0x00000000c1600000, 0x00000000c1700000| Untracked 
|  23|0x00000000c1700000, 0x00000000c1800000, 0x00000000c1800000|100%| O|  |TAMS 0x00000000c1700000, 0x00000000c1800000| Untracked 
|  24|0x00000000c1800000, 0x00000000c1900000, 0x00000000c1900000|100%| O|  |TAMS 0x00000000c1800000, 0x00000000c1900000| Untracked 
|  25|0x00000000c1900000, 0x00000000c1a00000, 0x00000000c1a00000|100%| O|  |TAMS 0x00000000c1900000, 0x00000000c1a00000| Untracked 
|  26|0x00000000c1a00000, 0x00000000c1b00000, 0x00000000c1b00000|100%| O|  |TAMS 0x00000000c1a00000, 0x00000000c1b00000| Untracked 
|  27|0x00000000c1b00000, 0x00000000c1c00000, 0x00000000c1c00000|100%| O|  |TAMS 0x00000000c1b00000, 0x00000000c1c00000| Untracked 
|  28|0x00000000c1c00000, 0x00000000c1d00000, 0x00000000c1d00000|100%| O|  |TAMS 0x00000000c1c00000, 0x00000000c1d00000| Untracked 
|  29|0x00000000c1d00000, 0x00000000c1e00000, 0x00000000c1e00000|100%| O|  |TAMS 0x00000000c1d00000, 0x00000000c1e00000| Untracked 
|  30|0x00000000c1e00000, 0x00000000c1f00000, 0x00000000c1f00000|100%| O|  |TAMS 0x00000000c1e00000, 0x00000000c1f00000| Untracked 
|  31|0x00000000c1f00000, 0x00000000c2000000, 0x00000000c2000000|100%| O|  |TAMS 0x00000000c1f00000, 0x00000000c2000000| Untracked 
|  32|0x00000000c2000000, 0x00000000c2100000, 0x00000000c2100000|100%| O|  |TAMS 0x00000000c2000000, 0x00000000c2100000| Untracked 
|  33|0x00000000c2100000, 0x00000000c2200000, 0x00000000c2200000|100%| O|  |TAMS 0x00000000c2100000, 0x00000000c2200000| Untracked 
|  34|0x00000000c2200000, 0x00000000c2300000, 0x00000000c2300000|100%| O|  |TAMS 0x00000000c2200000, 0x00000000c2300000| Untracked 
|  35|0x00000000c2300000, 0x00000000c2400000, 0x00000000c2400000|100%| O|  |TAMS 0x00000000c2300000, 0x00000000c2400000| Untracked 
|  36|0x00000000c2400000, 0x00000000c2500000, 0x00000000c2500000|100%| O|  |TAMS 0x00000000c2400000, 0x00000000c2500000| Untracked 
|  37|0x00000000c2500000, 0x00000000c2600000, 0x00000000c2600000|100%| O|  |TAMS 0x00000000c2500000, 0x00000000c2600000| Untracked 
|  38|0x00000000c2600000, 0x00000000c2700000, 0x00000000c2700000|100%| O|  |TAMS 0x00000000c2600000, 0x00000000c2600000| Untracked 
|  39|0x00000000c2700000, 0x00000000c2800000, 0x00000000c2800000|100%| O|  |TAMS 0x00000000c2700000, 0x00000000c2700000| Untracked 
|  40|0x00000000c2800000, 0x00000000c2900000, 0x00000000c2900000|100%| O|  |TAMS 0x00000000c2800000, 0x00000000c2800000| Untracked 
|  41|0x00000000c2900000, 0x00000000c2a00000, 0x00000000c2a00000|100%| O|  |TAMS 0x00000000c2900000, 0x00000000c2900000| Untracked 
|  42|0x00000000c2a00000, 0x00000000c2b00000, 0x00000000c2b00000|100%| O|  |TAMS 0x00000000c2a00000, 0x00000000c2a00000| Untracked 
|  43|0x00000000c2b00000, 0x00000000c2c00000, 0x00000000c2c00000|100%| O|  |TAMS 0x00000000c2b00000, 0x00000000c2b00000| Untracked 
|  44|0x00000000c2c00000, 0x00000000c2d00000, 0x00000000c2d00000|100%| O|  |TAMS 0x00000000c2c00000, 0x00000000c2c00000| Untracked 
|  45|0x00000000c2d00000, 0x00000000c2e00000, 0x00000000c2e00000|100%| O|  |TAMS 0x00000000c2d00000, 0x00000000c2d00000| Untracked 
|  46|0x00000000c2e00000, 0x00000000c2f00000, 0x00000000c2f00000|100%| O|  |TAMS 0x00000000c2e00000, 0x00000000c2e00000| Untracked 
|  47|0x00000000c2f00000, 0x00000000c3000000, 0x00000000c3000000|100%| O|  |TAMS 0x00000000c2f00000, 0x00000000c2f00000| Untracked 
|  48|0x00000000c3000000, 0x00000000c3100000, 0x00000000c3100000|100%| O|  |TAMS 0x00000000c3000000, 0x00000000c3000000| Untracked 
|  49|0x00000000c3100000, 0x00000000c3200000, 0x00000000c3200000|100%| O|  |TAMS 0x00000000c3100000, 0x00000000c3100000| Untracked 
|  50|0x00000000c3200000, 0x00000000c3300000, 0x00000000c3300000|100%| O|  |TAMS 0x00000000c3200000, 0x00000000c3200000| Untracked 
|  51|0x00000000c3300000, 0x00000000c3380000, 0x00000000c3400000| 50%| O|  |TAMS 0x00000000c3300000, 0x00000000c3300000| Untracked 
|  52|0x00000000c3400000, 0x00000000c3400000, 0x00000000c3500000|  0%| F|  |TAMS 0x00000000c3400000, 0x00000000c3400000| Untracked 
|  53|0x00000000c3500000, 0x00000000c3500000, 0x00000000c3600000|  0%| F|  |TAMS 0x00000000c3500000, 0x00000000c3500000| Untracked 
|  54|0x00000000c3600000, 0x00000000c3600000, 0x00000000c3700000|  0%| F|  |TAMS 0x00000000c3600000, 0x00000000c3600000| Untracked 
|  55|0x00000000c3700000, 0x00000000c3700000, 0x00000000c3800000|  0%| F|  |TAMS 0x00000000c3700000, 0x00000000c3700000| Untracked 
|  56|0x00000000c3800000, 0x00000000c3800000, 0x00000000c3900000|  0%| F|  |TAMS 0x00000000c3800000, 0x00000000c3800000| Untracked 
|  57|0x00000000c3900000, 0x00000000c3900000, 0x00000000c3a00000|  0%| F|  |TAMS 0x00000000c3900000, 0x00000000c3900000| Untracked 
|  58|0x00000000c3a00000, 0x00000000c3a00000, 0x00000000c3b00000|  0%| F|  |TAMS 0x00000000c3a00000, 0x00000000c3a00000| Untracked 
|  59|0x00000000c3b00000, 0x00000000c3b00000, 0x00000000c3c00000|  0%| F|  |TAMS 0x00000000c3b00000, 0x00000000c3b00000| Untracked 
|  60|0x00000000c3c00000, 0x00000000c3c00000, 0x00000000c3d00000|  0%| F|  |TAMS 0x00000000c3c00000, 0x00000000c3c00000| Untracked 
|  61|0x00000000c3d00000, 0x00000000c3d00000, 0x00000000c3e00000|  0%| F|  |TAMS 0x00000000c3d00000, 0x00000000c3d00000| Untracked 
|  62|0x00000000c3e00000, 0x00000000c3e00000, 0x00000000c3f00000|  0%| F|  |TAMS 0x00000000c3e00000, 0x00000000c3e00000| Untracked 
|  63|0x00000000c3f00000, 0x00000000c3f00000, 0x00000000c4000000|  0%| F|  |TAMS 0x00000000c3f00000, 0x00000000c3f00000| Untracked 
|  64|0x00000000c4000000, 0x00000000c4000000, 0x00000000c4100000|  0%| F|  |TAMS 0x00000000c4000000, 0x00000000c4000000| Untracked 
|  65|0x00000000c4100000, 0x00000000c4100000, 0x00000000c4200000|  0%| F|  |TAMS 0x00000000c4100000, 0x00000000c4100000| Untracked 
|  66|0x00000000c4200000, 0x00000000c4300000, 0x00000000c4300000|100%| S|CS|TAMS 0x00000000c4200000, 0x00000000c4200000| Complete 
|  67|0x00000000c4300000, 0x00000000c4400000, 0x00000000c4400000|100%| S|CS|TAMS 0x00000000c4300000, 0x00000000c4300000| Complete 
|  68|0x00000000c4400000, 0x00000000c4400000, 0x00000000c4500000|  0%| F|  |TAMS 0x00000000c4400000, 0x00000000c4400000| Untracked 
|  69|0x00000000c4500000, 0x00000000c4500000, 0x00000000c4600000|  0%| F|  |TAMS 0x00000000c4500000, 0x00000000c4500000| Untracked 
|  70|0x00000000c4600000, 0x00000000c4600000, 0x00000000c4700000|  0%| F|  |TAMS 0x00000000c4600000, 0x00000000c4600000| Untracked 
|  71|0x00000000c4700000, 0x00000000c4700000, 0x00000000c4800000|  0%| F|  |TAMS 0x00000000c4700000, 0x00000000c4700000| Untracked 
|  72|0x00000000c4800000, 0x00000000c4800000, 0x00000000c4900000|  0%| F|  |TAMS 0x00000000c4800000, 0x00000000c4800000| Untracked 
|  73|0x00000000c4900000, 0x00000000c4900000, 0x00000000c4a00000|  0%| F|  |TAMS 0x00000000c4900000, 0x00000000c4900000| Untracked 
|  74|0x00000000c4a00000, 0x00000000c4a00000, 0x00000000c4b00000|  0%| F|  |TAMS 0x00000000c4a00000, 0x00000000c4a00000| Untracked 
|  75|0x00000000c4b00000, 0x00000000c4b00000, 0x00000000c4c00000|  0%| F|  |TAMS 0x00000000c4b00000, 0x00000000c4b00000| Untracked 
|  76|0x00000000c4c00000, 0x00000000c4c00000, 0x00000000c4d00000|  0%| F|  |TAMS 0x00000000c4c00000, 0x00000000c4c00000| Untracked 

Card table byte_map: [0x0000000019580000,0x0000000019780000] _byte_map_base: 0x0000000018f80000

Marking Bits (Prev, Next): (CMBitMap*) 0x0000000000380400, (CMBitMap*) 0x0000000000380440
 Prev Bits: [0x0000000019980000, 0x000000001a980000)
 Next Bits: [0x000000001a980000, 0x000000001b980000)

Polling page: 0x0000000000140000

Metaspace:

Usage:
  Non-class:     10.38 MB used.
      Class:      1.24 MB used.
       Both:     11.61 MB used.

Virtual space:
  Non-class space:       16.00 MB reserved,      10.50 MB ( 66%) committed,  2 nodes.
      Class space:        1.00 GB reserved,       1.38 MB ( <1%) committed,  1 nodes.
              Both:        1.02 GB reserved,      11.88 MB (  1%) committed. 

Chunk freelists:
   Non-Class:  700.00 KB
       Class:  2.54 MB
        Both:  3.23 MB

MaxMetaspaceSize: 17179869184.00 GB
CompressedClassSpaceSize: 1.00 GB
 - commit_granule_bytes: 65536.
 - commit_granule_words: 8192.
 - virtual_space_node_default_size: 1048576.
 - enlarge_chunks_in_place: 1.
 - new_chunks_are_fully_committed: 0.
 - uncommit_free_chunks: 1.
 - use_allocation_guard: 0.
 - handle_deallocations: 1.


Internal statistics:

num_allocs_failed_limit: 0.
num_arena_births: 152.
num_arena_deaths: 0.
num_vsnodes_births: 3.
num_vsnodes_deaths: 0.
num_space_committed: 190.
num_space_uncommitted: 0.
num_chunks_returned_to_freelist: 0.
num_chunks_taken_from_freelist: 536.
num_chunk_merges: 0.
num_chunk_splits: 348.
num_chunks_enlarged: 233.
num_purges: 0.

CodeHeap 'non-profiled nmethods': size=120000Kb used=798Kb max_used=798Kb free=119201Kb
 bounds [0x0000000011830000, 0x0000000011aa0000, 0x0000000018d60000]
CodeHeap 'profiled nmethods': size=120000Kb used=4725Kb max_used=4725Kb free=115274Kb
 bounds [0x000000000a300000, 0x000000000a7a0000, 0x0000000011830000]
CodeHeap 'non-nmethods': size=5760Kb used=1205Kb max_used=1241Kb free=4555Kb
 bounds [0x0000000009d60000, 0x0000000009fd0000, 0x000000000a300000]
 total_blobs=2847 nmethods=2346 adapters=414
 compilation: enabled
              stopped_count=0, restarted_count=0
 full_count=0

Compilation events (20 events):
Event: 3.129 Thread 0x000000001e368c30 2404       2       com.sun.org.apache.xerces.internal.utils.XMLSecurityManager::setLimit (51 bytes)
Event: 3.129 Thread 0x000000001e368c30 nmethod 2404 0x000000000a79b590 code [0x000000000a79b760, 0x000000000a79bae8]
Event: 3.132 Thread 0x000000001e3682e0 nmethod 2251 0x00000000118f5110 code [0x00000000118f52e0, 0x00000000118f5c38]
Event: 3.132 Thread 0x000000001e3682e0 2253       4       java.util.regex.Pattern$Branch::match (66 bytes)
Event: 3.136 Thread 0x000000001e3682e0 nmethod 2253 0x00000000118f6110 code [0x00000000118f62a0, 0x00000000118f6518]
Event: 3.136 Thread 0x000000001e3682e0 2217       4       java.util.HashMap::clear (50 bytes)
Event: 3.140 Thread 0x000000001e3682e0 nmethod 2217 0x00000000118f6790 code [0x00000000118f6920, 0x00000000118f6b98]
Event: 3.140 Thread 0x000000001e3682e0 2216       4       com.sun.org.apache.xerces.internal.impl.XMLDocumentFragmentScannerImpl$ElementStack::popElement (59 bytes)
Event: 3.141 Thread 0x000000001e368c30 2408  s    2       org.apache.xmlbeans.impl.schema.XmlValueRef::get (114 bytes)
Event: 3.141 Thread 0x000000001e3682e0 nmethod 2216 0x00000000118f6c90 code [0x00000000118f6e20, 0x00000000118f6f18]
Event: 3.141 Thread 0x000000001e3682e0 2050       4       javax.xml.namespace.QName::equals (59 bytes)
Event: 3.141 Thread 0x000000001e368c30 nmethod 2408 0x000000000a79bd10 code [0x000000000a79bf60, 0x000000000a79c7f8]
Event: 3.143 Thread 0x000000001e3682e0 nmethod 2050 0x00000000118f7010 code [0x00000000118f71a0, 0x00000000118f73f8]
Event: 3.143 Thread 0x000000001e3682e0 2409       4       org.apache.xmlbeans.impl.store.Xobj::lastAttr (51 bytes)
Event: 3.144 Thread 0x000000001e3682e0 nmethod 2409 0x00000000118f7510 code [0x00000000118f76a0, 0x00000000118f7798]
Event: 3.144 Thread 0x000000001e3682e0 2100       4       org.apache.xmlbeans.impl.store.Xobj::getUser (145 bytes)
Event: 3.205 Thread 0x000000001e368c30 2412       2       com.sun.org.apache.xerces.internal.impl.dtd.XMLDTDValidator::getPropertyDefault (36 bytes)
Event: 3.205 Thread 0x000000001e368c30 nmethod 2412 0x000000000a79cc10 code [0x000000000a79cde0, 0x000000000a79d028]
Event: 3.205 Thread 0x000000001e368c30 2413       2       com.sun.org.apache.xerces.internal.impl.XMLErrorReporter::setProperty (47 bytes)
Event: 3.206 Thread 0x000000001e368c30 nmethod 2413 0x000000000a79d190 code [0x000000000a79d360, 0x000000000a79d5d8]

GC Heap History (17 events):
Event: 0.720 GC heap before
{Heap before GC invocations=0 (full 0):
 garbage-first heap   total 65536K, used 14336K [0x00000000c0000000, 0x0000000100000000)
  region size 1024K, 13 young (13312K), 0 survivors (0K)
 Metaspace       used 3225K, committed 3392K, reserved 1056768K
  class space    used 305K, committed 384K, reserved 1048576K
}
Event: 0.729 GC heap after
{Heap after GC invocations=1 (full 0):
 garbage-first heap   total 65536K, used 5611K [0x00000000c0000000, 0x0000000100000000)
  region size 1024K, 2 young (2048K), 2 survivors (2048K)
 Metaspace       used 3225K, committed 3392K, reserved 1056768K
  class space    used 305K, committed 384K, reserved 1048576K
}
Event: 1.038 GC heap before
{Heap before GC invocations=1 (full 0):
 garbage-first heap   total 65536K, used 20971K [0x00000000c0000000, 0x0000000100000000)
  region size 1024K, 12 young (12288K), 2 survivors (2048K)
 Metaspace       used 6876K, committed 7040K, reserved 1056768K
  class space    used 666K, committed 768K, reserved 1048576K
}
Event: 1.044 GC heap after
{Heap after GC invocations=2 (full 0):
 garbage-first heap   total 65536K, used 11047K [0x00000000c0000000, 0x0000000100000000)
  region size 1024K, 2 young (2048K), 2 survivors (2048K)
 Metaspace       used 6876K, committed 7040K, reserved 1056768K
  class space    used 666K, committed 768K, reserved 1048576K
}
Event: 1.230 GC heap before
{Heap before GC invocations=2 (full 0):
 garbage-first heap   total 65536K, used 30503K [0x00000000c0000000, 0x0000000100000000)
  region size 1024K, 21 young (21504K), 2 survivors (2048K)
 Metaspace       used 8625K, committed 8768K, reserved 1056768K
  class space    used 885K, committed 960K, reserved 1048576K
}
Event: 1.236 GC heap after
{Heap after GC invocations=3 (full 0):
 garbage-first heap   total 65536K, used 11990K [0x00000000c0000000, 0x0000000100000000)
  region size 1024K, 1 young (1024K), 1 survivors (1024K)
 Metaspace       used 8625K, committed 8768K, reserved 1056768K
  class space    used 885K, committed 960K, reserved 1048576K
}
Event: 1.642 GC heap before
{Heap before GC invocations=3 (full 0):
 garbage-first heap   total 65536K, used 44758K [0x00000000c0000000, 0x0000000100000000)
  region size 1024K, 33 young (33792K), 1 survivors (1024K)
 Metaspace       used 9644K, committed 9920K, reserved 1064960K
  class space    used 1023K, committed 1152K, reserved 1048576K
}
Event: 1.652 GC heap after
{Heap after GC invocations=4 (full 0):
 garbage-first heap   total 65536K, used 14250K [0x00000000c0000000, 0x0000000100000000)
  region size 1024K, 3 young (3072K), 3 survivors (3072K)
 Metaspace       used 9644K, committed 9920K, reserved 1064960K
  class space    used 1023K, committed 1152K, reserved 1048576K
}
Event: 2.225 GC heap before
{Heap before GC invocations=4 (full 0):
 garbage-first heap   total 65536K, used 47018K [0x00000000c0000000, 0x0000000100000000)
  region size 1024K, 35 young (35840K), 3 survivors (3072K)
 Metaspace       used 11771K, committed 12032K, reserved 1064960K
  class space    used 1266K, committed 1408K, reserved 1048576K
}
Event: 2.305 GC heap after
{Heap after GC invocations=5 (full 0):
 garbage-first heap   total 78848K, used 27337K [0x00000000c0000000, 0x0000000100000000)
  region size 1024K, 5 young (5120K), 5 survivors (5120K)
 Metaspace       used 11771K, committed 12032K, reserved 1064960K
  class space    used 1266K, committed 1408K, reserved 1048576K
}
Event: 2.611 GC heap before
{Heap before GC invocations=5 (full 0):
 garbage-first heap   total 78848K, used 46793K [0x00000000c0000000, 0x0000000100000000)
  region size 1024K, 24 young (24576K), 5 survivors (5120K)
 Metaspace       used 11771K, committed 12032K, reserved 1064960K
  class space    used 1266K, committed 1408K, reserved 1048576K
}
Event: 2.657 GC heap after
{Heap after GC invocations=6 (full 0):
 garbage-first heap   total 78848K, used 34304K [0x00000000c0000000, 0x0000000100000000)
  region size 1024K, 3 young (3072K), 3 survivors (3072K)
 Metaspace       used 11771K, committed 12032K, reserved 1064960K
  class space    used 1266K, committed 1408K, reserved 1048576K
}
Event: 2.930 GC heap before
{Heap before GC invocations=6 (full 0):
 garbage-first heap   total 78848K, used 52736K [0x00000000c0000000, 0x0000000100000000)
  region size 1024K, 21 young (21504K), 3 survivors (3072K)
 Metaspace       used 11852K, committed 12096K, reserved 1064960K
  class space    used 1266K, committed 1408K, reserved 1048576K
}
Event: 2.957 GC heap after
{Heap after GC invocations=7 (full 0):
 garbage-first heap   total 78848K, used 41984K [0x00000000c0000000, 0x0000000100000000)
  region size 1024K, 3 young (3072K), 3 survivors (3072K)
 Metaspace       used 11852K, committed 12096K, reserved 1064960K
  class space    used 1266K, committed 1408K, reserved 1048576K
}
Event: 3.144 GC heap before
{Heap before GC invocations=7 (full 0):
 garbage-first heap   total 78848K, used 55296K [0x00000000c0000000, 0x0000000100000000)
  region size 1024K, 16 young (16384K), 3 survivors (3072K)
 Metaspace       used 11891K, committed 12160K, reserved 1064960K
  class space    used 1267K, committed 1408K, reserved 1048576K
}
Event: 3.169 GC heap after
{Heap after GC invocations=8 (full 0):
 garbage-first heap   total 78848K, used 48640K [0x00000000c0000000, 0x0000000100000000)
  region size 1024K, 2 young (2048K), 2 survivors (2048K)
 Metaspace       used 11891K, committed 12160K, reserved 1064960K
  class space    used 1267K, committed 1408K, reserved 1048576K
}
Event: 3.252 GC heap before
{Heap before GC invocations=8 (full 0):
 garbage-first heap   total 78848K, used 57856K [0x00000000c0000000, 0x0000000100000000)
  region size 1024K, 11 young (11264K), 2 survivors (2048K)
 Metaspace       used 11893K, committed 12160K, reserved 1064960K
  class space    used 1267K, committed 1408K, reserved 1048576K
}

Deoptimization events (20 events):
Event: 1.893 Thread 0x000000000034aee0 Uncommon trap: trap_request=0xffffff45 fr.pc=0x00000000118cdf28 relative=0x0000000000000108
Event: 1.893 Thread 0x000000000034aee0 Uncommon trap: reason=unstable_if action=reinterpret pc=0x00000000118cdf28 method=org.apache.xmlbeans.impl.store.Cur$Locations.insert(III[I[I)I @ 36 c2
Event: 1.893 Thread 0x000000000034aee0 DEOPT PACKING pc=0x00000000118cdf28 sp=0x00000000020ce4e0
Event: 1.893 Thread 0x000000000034aee0 DEOPT UNPACKING pc=0x0000000009dad728 sp=0x00000000020ce470 mode 2
Event: 1.893 Thread 0x000000000034aee0 Uncommon trap: trap_request=0xffffff45 fr.pc=0x00000000118cda8c relative=0x00000000000000ec
Event: 1.893 Thread 0x000000000034aee0 Uncommon trap: reason=unstable_if action=reinterpret pc=0x00000000118cda8c method=org.apache.xmlbeans.impl.store.Cur$Locations.remove(II[I[I)I @ 33 c2
Event: 1.893 Thread 0x000000000034aee0 DEOPT PACKING pc=0x00000000118cda8c sp=0x00000000020ce4d0
Event: 1.893 Thread 0x000000000034aee0 DEOPT UNPACKING pc=0x0000000009dad728 sp=0x00000000020ce468 mode 2
Event: 1.998 Thread 0x000000000034aee0 Uncommon trap: trap_request=0xffffff45 fr.pc=0x00000000118cadc8 relative=0x0000000000000128
Event: 1.998 Thread 0x000000000034aee0 Uncommon trap: reason=unstable_if action=reinterpret pc=0x00000000118cadc8 method=org.apache.xmlbeans.impl.store.Cur.moveToNoCheck(Lorg/apache/xmlbeans/impl/store/Xobj;I)V @ 5 c2
Event: 1.998 Thread 0x000000000034aee0 DEOPT PACKING pc=0x00000000118cadc8 sp=0x00000000020ce290
Event: 1.998 Thread 0x000000000034aee0 DEOPT UNPACKING pc=0x0000000009dad728 sp=0x00000000020ce1d0 mode 2
Event: 1.998 Thread 0x000000000034aee0 Uncommon trap: trap_request=0xffffff45 fr.pc=0x00000000118cb144 relative=0x0000000000000124
Event: 1.998 Thread 0x000000000034aee0 Uncommon trap: reason=unstable_if action=reinterpret pc=0x00000000118cb144 method=org.apache.xmlbeans.impl.store.Cur.moveToNoCheck(Lorg/apache/xmlbeans/impl/store/Xobj;I)V @ 5 c2
Event: 1.998 Thread 0x000000000034aee0 DEOPT PACKING pc=0x00000000118cb144 sp=0x00000000020ce340
Event: 1.998 Thread 0x000000000034aee0 DEOPT UNPACKING pc=0x0000000009dad728 sp=0x00000000020ce2f8 mode 2
Event: 2.577 Thread 0x000000000034aee0 DEOPT PACKING pc=0x000000000a710b38 sp=0x00000000020ce800
Event: 2.577 Thread 0x000000000034aee0 DEOPT UNPACKING pc=0x0000000009dadeaf sp=0x00000000020cdcc8 mode 0
Event: 2.739 Thread 0x000000000034aee0 DEOPT PACKING pc=0x000000000a711bc6 sp=0x00000000020ce880
Event: 2.739 Thread 0x000000000034aee0 DEOPT UNPACKING pc=0x0000000009dadeaf sp=0x00000000020cde08 mode 0

Classes unloaded (0 events):
No events

Classes redefined (0 events):
No events

Internal exceptions (20 events):
Event: 0.459 Thread 0x000000000034aee0 Exception <a 'java/lang/NoSuchMethodError'{0x00000000c3ae4f30}: 'void java.lang.invoke.DirectMethodHandle$Holder.invokeSpecial(java.lang.Object, java.lang.Object, java.lang.Object)'> (0x00000000c3ae4f30) 
thrown [t:\workspace\open\src\hotspot\share\interpreter\linkResolver.cpp, line 790]
Event: 0.462 Thread 0x000000000034aee0 Exception <a 'java/lang/NoSuchMethodError'{0x00000000c3af5cb8}: 'java.lang.Object java.lang.invoke.DirectMethodHandle$Holder.newInvokeSpecial(java.lang.Object, int, java.lang.Object)'> (0x00000000c3af5cb8) 
thrown [t:\workspace\open\src\hotspot\share\interpreter\linkResolver.cpp, line 790]
Event: 0.478 Thread 0x000000000034aee0 Exception <a 'java/lang/NoSuchMethodError'{0x00000000c3925ac0}: 'java.lang.Object java.lang.invoke.DirectMethodHandle$Holder.invokeInterface(java.lang.Object, java.lang.Object)'> (0x00000000c3925ac0) 
thrown [t:\workspace\open\src\hotspot\share\interpreter\linkResolver.cpp, line 790]
Event: 0.479 Thread 0x000000000034aee0 Exception <a 'java/lang/IncompatibleClassChangeError'{0x00000000c39294b8}: Found class java.lang.Object, but interface was expected> (0x00000000c39294b8) 
thrown [t:\workspace\open\src\hotspot\share\interpreter\linkResolver.cpp, line 857]
Event: 0.495 Thread 0x000000000034aee0 Exception <a 'java/lang/NoSuchMethodError'{0x00000000c394c0c0}: 'void java.lang.invoke.DirectMethodHandle$Holder.invokeSpecial(java.lang.Object, java.lang.Object, java.lang.Object, java.lang.Object, java.lang.Object)'> (0x00000000c394c0c0) 
thrown [t:\workspace\open\src\hotspot\share\interpreter\linkResolver.cpp, line 790]
Event: 0.753 Thread 0x000000000034aee0 Exception <a 'java/lang/NoSuchMethodError'{0x00000000c3ffdcf0}: 'int java.lang.invoke.DirectMethodHandle$Holder.invokeStaticInit(java.lang.Object, java.lang.Object, java.lang.Object)'> (0x00000000c3ffdcf0) 
thrown [t:\workspace\open\src\hotspot\share\interpreter\linkResolver.cpp, line 790]
Event: 0.779 Thread 0x000000000034aee0 Exception <a 'java/lang/NoSuchMethodError'{0x00000000c3d23f08}: 'void java.lang.invoke.DirectMethodHandle$Holder.invokeVirtual(java.lang.Object, java.lang.Object, java.lang.Object, java.lang.Object)'> (0x00000000c3d23f08) 
thrown [t:\workspace\open\src\hotspot\share\interpreter\linkResolver.cpp, line 790]
Event: 0.812 Thread 0x000000000034aee0 Exception <a 'java/lang/NoSuchMethodError'{0x00000000c3d6f898}: 'void java.lang.invoke.DirectMethodHandle$Holder.invokeStatic(java.lang.Object, java.lang.Object, java.lang.Object, int)'> (0x00000000c3d6f898) 
thrown [t:\workspace\open\src\hotspot\share\interpreter\linkResolver.cpp, line 790]
Event: 0.812 Thread 0x000000000034aee0 Exception <a 'java/lang/NoSuchMethodError'{0x00000000c3d731e0}: 'void java.lang.invoke.DirectMethodHandle$Holder.invokeStaticInit(java.lang.Object, java.lang.Object, java.lang.Object, int)'> (0x00000000c3d731e0) 
thrown [t:\workspace\open\src\hotspot\share\interpreter\linkResolver.cpp, line 790]
Event: 0.855 Thread 0x000000000034aee0 Exception <a 'java/lang/NoSuchMethodError'{0x00000000c3c45458}: 'void java.lang.invoke.DirectMethodHandle$Holder.invokeInterface(java.lang.Object, java.lang.Object, java.lang.Object)'> (0x00000000c3c45458) 
thrown [t:\workspace\open\src\hotspot\share\interpreter\linkResolver.cpp, line 790]
Event: 0.979 Thread 0x000000000034aee0 Exception <a 'java/lang/NoSuchMethodError'{0x00000000c3830b28}: 'java.lang.Object java.lang.invoke.DirectMethodHandle$Holder.invokeStatic(java.lang.Object, java.lang.Object, int, int)'> (0x00000000c3830b28) 
thrown [t:\workspace\open\src\hotspot\share\interpreter\linkResolver.cpp, line 790]
Event: 0.980 Thread 0x000000000034aee0 Exception <a 'java/lang/NoSuchMethodError'{0x00000000c38347a8}: 'java.lang.Object java.lang.invoke.DirectMethodHandle$Holder.invokeStaticInit(java.lang.Object, java.lang.Object, int, int)'> (0x00000000c38347a8) 
thrown [t:\workspace\open\src\hotspot\share\interpreter\linkResolver.cpp, line 790]
Event: 1.189 Thread 0x000000000034aee0 Exception <a 'java/lang/NoSuchMethodError'{0x00000000c39e28b0}: 'java.lang.Object java.lang.invoke.DirectMethodHandle$Holder.newInvokeSpecial(java.lang.Object, java.lang.Object, int, java.lang.Object)'> (0x00000000c39e28b0) 
thrown [t:\workspace\open\src\hotspot\share\interpreter\linkResolver.cpp, line 790]
Event: 1.189 Thread 0x000000000034aee0 Exception <a 'java/lang/NoSuchMethodError'{0x00000000c39e6d68}: 'java.lang.Object java.lang.invoke.DirectMethodHandle$Holder.invokeSpecial(java.lang.Object, java.lang.Object, java.lang.Object, int, java.lang.Object)'> (0x00000000c39e6d68) 
thrown [t:\workspace\open\src\hotspot\share\interpreter\linkResolver.cpp, line 790]
Event: 1.190 Thread 0x000000000034aee0 Exception <a 'java/lang/NoSuchMethodError'{0x00000000c39eadd0}: 'java.lang.Object java.lang.invoke.Invokers$Holder.linkToTargetMethod(java.lang.Object, int, java.lang.Object, java.lang.Object)'> (0x00000000c39eadd0) 
thrown [t:\workspace\open\src\hotspot\share\interpreter\linkResolver.cpp, line 790]
Event: 1.196 Thread 0x000000000034aee0 Exception <a 'java/lang/NoSuchMethodError'{0x00000000c3847700}: 'void java.lang.invoke.DirectMethodHandle$Holder.invokeVirtual(java.lang.Object, java.lang.Object)'> (0x00000000c3847700) 
thrown [t:\workspace\open\src\hotspot\share\interpreter\linkResolver.cpp, line 790]
Event: 2.075 Thread 0x000000000034aee0 Exception <a 'java/lang/NoSuchMethodError'{0x00000000c2dec0d0}: 'java.lang.Object java.lang.invoke.DirectMethodHandle$Holder.invokeVirtual(java.lang.Object, java.lang.Object, int)'> (0x00000000c2dec0d0) 
thrown [t:\workspace\open\src\hotspot\share\interpreter\linkResolver.cpp, line 790]
Event: 2.076 Thread 0x000000000034aee0 Exception <a 'java/lang/NoSuchMethodError'{0x00000000c2df3a58}: 'void java.lang.invoke.DirectMethodHandle$Holder.invokeVirtual(java.lang.Object, java.lang.Object, int, java.lang.Object)'> (0x00000000c2df3a58) 
thrown [t:\workspace\open\src\hotspot\share\interpreter\linkResolver.cpp, line 790]
Event: 2.077 Thread 0x000000000034aee0 Exception <a 'java/lang/NoSuchMethodError'{0x00000000c2dfeaa0}: 'void java.lang.invoke.DirectMethodHandle$Holder.invokeVirtual(java.lang.Object, java.lang.Object, int)'> (0x00000000c2dfeaa0) 
thrown [t:\workspace\open\src\hotspot\share\interpreter\linkResolver.cpp, line 790]
Event: 2.078 Thread 0x000000000034aee0 Exception <a 'java/lang/NoSuchMethodError'{0x00000000c2c06048}: 'int java.lang.invoke.DirectMethodHandle$Holder.invokeVirtual(java.lang.Object, java.lang.Object)'> (0x00000000c2c06048) 
thrown [t:\workspace\open\src\hotspot\share\interpreter\linkResolver.cpp, line 790]

Events (20 events):
Event: 2.086 loading class jdk/internal/math/FloatingDecimal$ASCIIToBinaryBuffer done
Event: 2.087 loading class java/util/TreeMap$AscendingSubMap
Event: 2.087 loading class java/util/TreeMap$NavigableSubMap
Event: 2.087 loading class java/util/TreeMap$NavigableSubMap done
Event: 2.087 loading class java/util/TreeMap$AscendingSubMap done
Event: 2.088 loading class java/util/TreeMap$NavigableSubMap$SubMapKeyIterator
Event: 2.088 loading class java/util/TreeMap$NavigableSubMap$SubMapIterator
Event: 2.088 loading class java/util/TreeMap$NavigableSubMap$SubMapIterator done
Event: 2.088 loading class java/util/TreeMap$NavigableSubMap$SubMapKeyIterator done
Event: 2.100 loading class jdk/internal/math/FDBigInteger
Event: 2.101 loading class jdk/internal/math/FDBigInteger done
Event: 2.225 Executing  VM operation: G1CollectForAllocation
Event: 2.305 Executing  VM operation: G1CollectForAllocation done
Event: 2.611 Executing  VM operation: G1CollectForAllocation
Event: 2.657 Executing  VM operation: G1CollectForAllocation done
Event: 2.930 Executing  VM operation: G1CollectForAllocation
Event: 2.958 Executing  VM operation: G1CollectForAllocation done
Event: 3.144 Executing  VM operation: G1CollectForAllocation
Event: 3.170 Executing  VM operation: G1CollectForAllocation done
Event: 3.252 Executing  VM operation: G1CollectForAllocation


Dynamic libraries:
0x000000013f4a0000 - 0x000000013f4b0000 	C:\Program Files\Java\jdk-16.0.2\bin\java.exe
0x0000000076e50000 - 0x0000000076fef000 	C:\Windows\SYSTEM32\ntdll.dll
0x0000000076c30000 - 0x0000000076d50000 	C:\Windows\system32\kernel32.dll
0x000007fefca10000 - 0x000007fefca77000 	C:\Windows\system32\KERNELBASE.dll
0x000007fedaaf0000 - 0x000007fedab08000 	C:\Program Files\Java\jdk-16.0.2\bin\jli.dll
0x000007fefe140000 - 0x000007fefe21b000 	C:\Windows\system32\ADVAPI32.dll
0x000007feff0a0000 - 0x000007feff13f000 	C:\Windows\system32\msvcrt.dll
0x000007fefed70000 - 0x000007fefed8f000 	C:\Windows\SYSTEM32\sechost.dll
0x000007fefe6a0000 - 0x000007fefe7ca000 	C:\Windows\system32\RPCRT4.dll
0x000007fefb110000 - 0x000007fefb305000 	C:\Windows\WinSxS\amd64_microsoft.windows.common-controls_6595b64144ccf1df_6.0.7601.24483_none_e372d88f30fbb845\COMCTL32.dll
0x000007fefed00000 - 0x000007fefed68000 	C:\Windows\system32\GDI32.dll
0x0000000076d50000 - 0x0000000076e4b000 	C:\Windows\system32\USER32.dll
0x000007fefeff0000 - 0x000007fefeffe000 	C:\Windows\system32\LPK.dll
0x000007fefe5d0000 - 0x000007fefe69b000 	C:\Windows\system32\USP10.dll
0x000007fefe7d0000 - 0x000007fefe841000 	C:\Windows\system32\SHLWAPI.dll
0x000007fefb7d0000 - 0x000007fefb7dc000 	C:\Windows\system32\VERSION.dll
0x000007fedb460000 - 0x000007fedb479000 	C:\Program Files\Java\jdk-16.0.2\bin\VCRUNTIME140.dll
0x000007feef0a0000 - 0x000007feef0a4000 	C:\Program Files\Java\jdk-16.0.2\bin\api-ms-win-crt-runtime-l1-1-0.dll
0x000007feda8f0000 - 0x000007feda9ea000 	C:\Program Files\Java\jdk-16.0.2\bin\ucrtbase.DLL
0x000007fefa700000 - 0x000007fefa703000 	C:\Program Files\Java\jdk-16.0.2\bin\api-ms-win-core-localization-l1-2-0.dll
0x000007fedaae0000 - 0x000007fedaae3000 	C:\Program Files\Java\jdk-16.0.2\bin\api-ms-win-core-processthreads-l1-1-1.dll
0x000007feeeaf0000 - 0x000007feeeaf3000 	C:\Program Files\Java\jdk-16.0.2\bin\api-ms-win-core-file-l1-2-0.dll
0x000007fedaad0000 - 0x000007fedaad3000 	C:\Program Files\Java\jdk-16.0.2\bin\api-ms-win-core-timezone-l1-1-0.dll
0x000007fedaac0000 - 0x000007fedaac3000 	C:\Program Files\Java\jdk-16.0.2\bin\api-ms-win-core-file-l2-1-0.dll
0x000007fedaab0000 - 0x000007fedaab3000 	C:\Program Files\Java\jdk-16.0.2\bin\api-ms-win-core-synch-l1-2-0.dll
0x000007fedaaa0000 - 0x000007fedaaa3000 	C:\Program Files\Java\jdk-16.0.2\bin\api-ms-win-crt-heap-l1-1-0.dll
0x000007fedaa90000 - 0x000007fedaa94000 	C:\Program Files\Java\jdk-16.0.2\bin\api-ms-win-crt-string-l1-1-0.dll
0x000007fedaa80000 - 0x000007fedaa84000 	C:\Program Files\Java\jdk-16.0.2\bin\api-ms-win-crt-stdio-l1-1-0.dll
0x000007fedaa70000 - 0x000007fedaa74000 	C:\Program Files\Java\jdk-16.0.2\bin\api-ms-win-crt-convert-l1-1-0.dll
0x000007fedaa60000 - 0x000007fedaa63000 	C:\Program Files\Java\jdk-16.0.2\bin\api-ms-win-crt-environment-l1-1-0.dll
0x000007fedaa50000 - 0x000007fedaa53000 	C:\Program Files\Java\jdk-16.0.2\bin\api-ms-win-crt-filesystem-l1-1-0.dll
0x000007fedaa40000 - 0x000007fedaa45000 	C:\Program Files\Java\jdk-16.0.2\bin\api-ms-win-crt-math-l1-1-0.dll
0x000007fedaa30000 - 0x000007fedaa33000 	C:\Program Files\Java\jdk-16.0.2\bin\api-ms-win-crt-locale-l1-1-0.dll
0x000007fefcf10000 - 0x000007fefcf3e000 	C:\Windows\system32\IMM32.DLL
0x000007fefcde0000 - 0x000007fefceeb000 	C:\Windows\system32\MSCTF.dll
0x000007fedaa20000 - 0x000007fedaa2c000 	C:\Program Files\Java\jdk-16.0.2\bin\vcruntime140_1.dll
0x000007feda850000 - 0x000007feda8e1000 	C:\Program Files\Java\jdk-16.0.2\bin\msvcp140.dll
0x000007fedaa10000 - 0x000007fedaa13000 	C:\Program Files\Java\jdk-16.0.2\bin\api-ms-win-crt-time-l1-1-0.dll
0x000007fedaa00000 - 0x000007fedaa03000 	C:\Program Files\Java\jdk-16.0.2\bin\api-ms-win-crt-utility-l1-1-0.dll
0x000007fed9ca0000 - 0x000007feda84b000 	C:\Program Files\Java\jdk-16.0.2\bin\server\jvm.dll
0x000007fef8d20000 - 0x000007fef8d29000 	C:\Windows\system32\WSOCK32.dll
0x000007fefdce0000 - 0x000007fefdd2d000 	C:\Windows\system32\WS2_32.dll
0x000007fefdcd0000 - 0x000007fefdcd8000 	C:\Windows\system32\NSI.dll
0x000007fef98d0000 - 0x000007fef990b000 	C:\Windows\system32\WINMM.dll
0x0000000076ff0000 - 0x0000000076ff7000 	C:\Windows\system32\PSAPI.DLL
0x000007feda9f0000 - 0x000007feda9fa000 	C:\Program Files\Java\jdk-16.0.2\bin\jimage.dll
0x000007fef4db0000 - 0x000007fef4ed5000 	C:\Windows\system32\DBGHELP.DLL
0x000007fef1640000 - 0x000007fef164e000 	C:\Program Files\Java\jdk-16.0.2\bin\instrument.dll
0x000007fed9c40000 - 0x000007fed9c65000 	C:\Program Files\Java\jdk-16.0.2\bin\java.dll
0x000007fefcf40000 - 0x000007fefdccb000 	C:\Windows\system32\SHELL32.dll
0x000007fefed90000 - 0x000007fefef90000 	C:\Windows\system32\ole32.dll
0x000007fefc960000 - 0x000007fefc96f000 	C:\Windows\system32\profapi.dll
0x000007fed9c00000 - 0x000007fed9c18000 	C:\Program Files\Java\jdk-16.0.2\bin\zip.dll
0x000007fed9c80000 - 0x000007fed9c99000 	C:\Program Files\Java\jdk-16.0.2\bin\net.dll
0x000007fef8ca0000 - 0x000007fef8d11000 	C:\Windows\system32\WINHTTP.dll
0x000007fef8c30000 - 0x000007fef8c95000 	C:\Windows\system32\webio.dll
0x000007fefc070000 - 0x000007fefc0c5000 	C:\Windows\system32\mswsock.dll
0x000007fefc060000 - 0x000007fefc067000 	C:\Windows\System32\wship6.dll
0x000007fed9c20000 - 0x000007fed9c33000 	C:\Program Files\Java\jdk-16.0.2\bin\nio.dll
0x000007feef0c0000 - 0x000007feef0da000 	C:\Program Files\JetBrains\IntelliJ IDEA 2021.3.3\bin\breakgen64.dll

dbghelp: loaded successfully - version: 4.0.5 - missing functions: none
symbol engine: initialized successfully - sym options: 0x614 - pdb path: .;C:\Program Files\Java\jdk-16.0.2\bin;C:\Windows\SYSTEM32;C:\Windows\WinSxS\amd64_microsoft.windows.common-controls_6595b64144ccf1df_6.0.7601.24483_none_e372d88f30fbb845;C:\Program Files\Java\jdk-16.0.2\bin\server;C:\Program Files\JetBrains\IntelliJ IDEA 2021.3.3\bin

VM Arguments:
jvm_args: -javaagent:C:\Program Files\JetBrains\IntelliJ IDEA 2021.3.3\lib\idea_rt.jar=57764:C:\Program Files\JetBrains\IntelliJ IDEA 2021.3.3\bin -Dfile.encoding=windows-1251 
java_command: MainKt
java_class_path (initial): C:\Users\ƒмитрий\Desktop\ExamBear\build\classes\kotlin\main;C:\Users\ƒмитрий\.gradle\caches\modules-2\files-2.1\org.jetbrains.kotlin\kotlin-stdlib-jdk8\1.5.10\3f4af7aff21c4ec46e3cdd645639d0a63a68d3d0\kotlin-stdlib-jdk8-1.5.10.jar;C:\Users\ƒмитрий\.gradle\caches\modules-2\files-2.1\org.apache.poi\poi-ooxml\5.2.3\2efd11c940adb18c03eb9ce7ad88fc40ee6a196\poi-ooxml-5.2.3.jar;C:\Users\ƒмитрий\.gradle\caches\modules-2\files-2.1\org.jetbrains.kotlin\kotlin-stdlib-jdk7\1.5.10\c49d0703d16c6cb1526cc07b9b46486da1dd8a60\kotlin-stdlib-jdk7-1.5.10.jar;C:\Users\ƒмитрий\.gradle\caches\modules-2\files-2.1\org.jetbrains.kotlin\kotlin-stdlib\1.5.10\da6a904b132f0402fa4d79169a3c1770598d4702\kotlin-stdlib-1.5.10.jar;C:\Users\ƒмитрий\.gradle\caches\modules-2\files-2.1\org.apache.poi\poi\5.2.3\2fb22ae74ad5aea6af1a9c64b9542f2ccf348604\poi-5.2.3.jar;C:\Users\ƒмитрий\.gradle\caches\modules-2\files-2.1\org.apache.poi\poi-ooxml-lite\5.2.3\db113c8e9051b0ff967f4911fa20336c8325a7c5\poi-ooxml-lite-5.2.3.jar;C:\Users\ƒмитрий\.gradle\caches\modules-2\files-2.1\org.apache.xmlbeans\xmlbeans\5.1.1\48a369df0eccb509d46203104e4df9cb00f0f68b\xmlbeans-5.1.1.jar;C:\Users\ƒмитрий\.gradle\caches\modules-2\files-2.1\org.apache.commons\commons-compress\1.21\4ec95b60d4e86b5c95a0e919cb172a0af98011ef\commons-compress-1.21.jar;C:\Users\ƒмитрий\.gradle\caches\modules-2\files-2.1\commons-io\commons-io\2.11.0\a2503f302b11ebde7ebc3df41daebe0e4eea3689\commons-io-2.11.0.jar;C:\Users\ƒмитрий\.gradle\caches\modules-2\files-2.1\com.github.virtuald\curvesapi\1.07\863654849995f9d4f0ed2ed1a3870da3a108473c\curvesapi-1.07.jar;C:\Users\ƒмитрий\.gradle\caches\modules-2\files-2.1\org.apache.logging.log4j\log4j-api\2.18.0\c72ad9b1d8d42e4ea7befd8248bf05877af4c63d\log4j-api-2.18.0.jar;C:\Users\ƒмитрий\.gradle\caches\modules-2\files-2.1\org.apache.commons\commons-collections4\4.4\62ebe7544cb7164d87e0637a2a6a2bdc981395e8\commons-collections4-4.4.jar;C:\Users\ƒмитрий\.gradle\caches\modules-2\files-2.1\org.jetbra
Launcher Type: SUN_STANDARD

[Global flags]
     intx CICompilerCount                          = 3                                         {product} {ergonomic}
     uint ConcGCThreads                            = 1                                         {product} {ergonomic}
     uint G1ConcRefinementThreads                  = 4                                         {product} {ergonomic}
   size_t G1HeapRegionSize                         = 1048576                                   {product} {ergonomic}
    uintx GCDrainStackTargetSize                   = 64                                        {product} {ergonomic}
   size_t InitialHeapSize                          = 67108864                                  {product} {ergonomic}
   size_t MarkStackSize                            = 4194304                                   {product} {ergonomic}
   size_t MaxHeapSize                              = 1073741824                                {product} {ergonomic}
   size_t MaxNewSize                               = 643825664                                 {product} {ergonomic}
   size_t MinHeapDeltaBytes                        = 1048576                                   {product} {ergonomic}
   size_t MinHeapSize                              = 8388608                                   {product} {ergonomic}
    uintx NonNMethodCodeHeapSize                   = 5832780                                {pd product} {ergonomic}
    uintx NonProfiledCodeHeapSize                  = 122912730                              {pd product} {ergonomic}
    uintx ProfiledCodeHeapSize                     = 122912730                              {pd product} {ergonomic}
    uintx ReservedCodeCacheSize                    = 251658240                              {pd product} {ergonomic}
     bool SegmentedCodeCache                       = true                                      {product} {ergonomic}
   size_t SoftMaxHeapSize                          = 1073741824                             {manageable} {ergonomic}
     bool UseCompressedClassPointers               = true                           {product lp64_product} {ergonomic}
     bool UseCompressedOops                        = true                           {product lp64_product} {ergonomic}
     bool UseG1GC                                  = true                                      {product} {ergonomic}
     bool UseLargePagesIndividualAllocation        = false                                  {pd product} {ergonomic}

Logging:
Log output configuration:
 #0: stdout all=warning uptime,level,tags
 #1: stderr all=off uptime,level,tags

Environment Variables:
PATH=C:\Program Files\Common Files\Oracle\Java\javapath;D:\Python\Scripts\;D:\Python\;C:\Windows\system32;C:\Windows;C:\Windows\System32\Wbem;C:\Windows\System32\WindowsPowerShell\v1.0\;C:\Program Files\swipl\bin;C:\Program Files\Git\cmd;C:\Program Files\Java\jdk-16.0.2\bin;C:\Program Files\JetBrains\IntelliJ IDEA 2021.3.3\bin;;C:\Users\ƒмитрий\AppData\Local\Programs\Microsoft VS Code\bin
USERNAME=ƒмитрий
OS=Windows_NT
PROCESSOR_IDENTIFIER=Intel64 Family 6 Model 23 Stepping 10, GenuineIntel



---------------  S Y S T E M  ---------------

OS:
 Windows 7 , 64 bit Build 7601 (6.1.7601.25682)
OS uptime: 0 days 8:15 hours

CPU: total 4 (initial active 4) (4 cores per cpu, 1 threads per core) family 6 model 23 stepping 10 microcode 0x0, cx8, cmov, fxsr, mmx, sse, sse2, sse3, ssse3, sse4.1, tsc, clflush

Memory: 4k page, system-wide physical 4094M (29M free)
TotalPageFile size 6140M (AvailPageFile size 18M)
current process WorkingSet (physical memory assigned to process): 144M, peak: 147M
current process commit charge ("private bytes"): 196M, peak: 271M

vm_info: Java HotSpot(TM) 64-Bit Server VM (16.0.2+7-67) for windows-amd64 JRE (16.0.2+7-67), built on Jun  8 2021 23:24:19 by "mach5one" with MS VC++ 16.7 (VS2019)

END.
