#
# There is insufficient memory for the Java Runtime Environment to continue.
# Native memory allocation (mmap) failed to map 4096 bytes for G1 virtual space
# Possible reasons:
#   The system is out of physical RAM or swap space
#   The process is running with CompressedOops enabled, and the Java Heap may be blocking the growth of the native heap
# Possible solutions:
#   Reduce memory load on the system
#   Increase physical memory or swap space
#   Check if swap backing store is full
#   Decrease Java heap size (-Xmx/-Xms)
#   Decrease number of Java threads
#   Decrease Java thread stack sizes (-Xss)
#   Set larger code cache with -XX:ReservedCodeCacheSize=
#   JVM is running with Unscaled Compressed Oops mode in which the Java heap is
#     placed in the first 4GB address space. The Java Heap base address is the
#     maximum limit for the native heap growth. Please use -XX:HeapBaseMinAddress
#     to set the Java Heap base and to place the Java Heap above 4GB virtual address.
# This output file may be truncated or incomplete.
#
#  Out of Memory Error (os_windows.cpp:3466), pid=3900, tid=2428
#
# JRE version: Java(TM) SE Runtime Environment (16.0.2+7) (build 16.0.2+7-67)
# Java VM: Java HotSpot(TM) 64-Bit Server VM (16.0.2+7-67, mixed mode, sharing, tiered, compressed oops, compressed class ptrs, g1 gc, windows-amd64)
# No core dump will be written. Minidumps are not enabled by default on client versions of Windows
#

---------------  S U M M A R Y ------------

Command Line: -javaagent:C:\Program Files\JetBrains\IntelliJ IDEA 2021.3.3\lib\idea_rt.jar=57865:C:\Program Files\JetBrains\IntelliJ IDEA 2021.3.3\bin -Dfile.encoding=windows-1251 MainKt

Host: Intel(R) Xeon(R) CPU           E5450  @ 3.00GHz, 4 cores, 3G,  Windows 7 , 64 bit Build 7601 (6.1.7601.25682)
Time: Thu Jun  6 20:00:52 2024 –оманское врем€ (зима) elapsed time: 4.399173 seconds (0d 0h 0m 4s)

---------------  T H R E A D  ---------------

Current thread (0x000000001e2c4e60):  VMThread "VM Thread" [stack: 0x000000001e8b0000,0x000000001e9b0000] [id=2428]

Stack: [0x000000001e8b0000,0x000000001e9b0000]
Native frames: (J=compiled Java code, j=interpreted, Vv=VM code, C=native code)
V  [jvm.dll+0x6681ca]

VM_Operation (0x000000000231ddc0): G1CollectForAllocation, mode: safepoint, requested by thread 0x00000000000faee0


---------------  P R O C E S S  ---------------

Threads class SMR info:
_java_thread_list=0x0000000021180b00, length=14, elements={
0x00000000000faee0, 0x000000001e2c85d0, 0x000000001e2c97c0, 0x000000001e2ddbd0,
0x000000001e2de4e0, 0x000000001e2dedf0, 0x000000001e2df700, 0x000000001e2e0340,
0x000000001e2ee2b0, 0x000000001e2ee810, 0x000000001e7c26c0, 0x00000000203295e0,
0x00000000202d9bc0, 0x0000000021169e00
}

Java Threads: ( => current thread )
  0x00000000000faee0 JavaThread "main" [_thread_blocked, id=6084, stack(0x0000000002220000,0x0000000002320000)]
  0x000000001e2c85d0 JavaThread "Reference Handler" daemon [_thread_blocked, id=3700, stack(0x000000001f410000,0x000000001f510000)]
  0x000000001e2c97c0 JavaThread "Finalizer" daemon [_thread_blocked, id=5764, stack(0x000000001ea00000,0x000000001eb00000)]
  0x000000001e2ddbd0 JavaThread "Signal Dispatcher" daemon [_thread_blocked, id=4612, stack(0x000000001f600000,0x000000001f700000)]
  0x000000001e2de4e0 JavaThread "Attach Listener" daemon [_thread_blocked, id=1196, stack(0x000000001f780000,0x000000001f880000)]
  0x000000001e2dedf0 JavaThread "Service Thread" daemon [_thread_blocked, id=3380, stack(0x000000001f970000,0x000000001fa70000)]
  0x000000001e2df700 JavaThread "Monitor Deflation Thread" daemon [_thread_blocked, id=5996, stack(0x000000001fbc0000,0x000000001fcc0000)]
  0x000000001e2e0340 JavaThread "C2 CompilerThread0" daemon [_thread_blocked, id=5348, stack(0x000000001fde0000,0x000000001fee0000)]
  0x000000001e2ee2b0 JavaThread "C1 CompilerThread0" daemon [_thread_blocked, id=5148, stack(0x000000001e420000,0x000000001e520000)]
  0x000000001e2ee810 JavaThread "Sweeper thread" daemon [_thread_blocked, id=3764, stack(0x000000001ff50000,0x0000000020050000)]
  0x000000001e7c26c0 JavaThread "Common-Cleaner" daemon [_thread_blocked, id=3744, stack(0x0000000020140000,0x0000000020240000)]
  0x00000000203295e0 JavaThread "Monitor Ctrl-Break" daemon [_thread_in_native, id=3328, stack(0x0000000020840000,0x0000000020940000)]
  0x00000000202d9bc0 JavaThread "Notification Thread" daemon [_thread_blocked, id=960, stack(0x0000000020a20000,0x0000000020b20000)]
  0x0000000021169e00 JavaThread "C2 CompilerThread1" daemon [_thread_in_native, id=864, stack(0x0000000020b20000,0x0000000020c20000)]

Other Threads:
=>0x000000001e2c4e60 VMThread "VM Thread" [stack: 0x000000001e8b0000,0x000000001e9b0000] [id=2428]
  0x00000000202d78a0 WatcherThread [stack: 0x0000000020c60000,0x0000000020d60000] [id=5868]
  0x000000000012de80 GCTaskThread "GC Thread#0" [stack: 0x000000001bad0000,0x000000001bbd0000] [id=2840]
  0x0000000020fa7730 GCTaskThread "GC Thread#1" [stack: 0x0000000021600000,0x0000000021700000] [id=5412]
  0x0000000020fa7a40 GCTaskThread "GC Thread#2" [stack: 0x00000000217f0000,0x00000000218f0000] [id=5492]
  0x00000000205dfd80 GCTaskThread "GC Thread#3" [stack: 0x000000001fa90000,0x000000001fb90000] [id=2928]
  0x0000000000138dd0 ConcurrentGCThread "G1 Main Marker" [stack: 0x000000001bcb0000,0x000000001bdb0000] [id=5436]
  0x000000000013a310 ConcurrentGCThread "G1 Conc#0" [stack: 0x000000001b9d0000,0x000000001bad0000] [id=4508]
  0x000000001e200080 ConcurrentGCThread "G1 Refine#0" [stack: 0x000000001e300000,0x000000001e400000] [id=5884]
  0x0000000020dde220 ConcurrentGCThread "G1 Refine#1" [stack: 0x0000000021a30000,0x0000000021b30000] [id=2120]
  0x0000000022aa5ac0 ConcurrentGCThread "G1 Refine#2" [stack: 0x00000000244b0000,0x00000000245b0000] [id=940]
  0x0000000022ef8ea0 ConcurrentGCThread "G1 Refine#3" [stack: 0x0000000024610000,0x0000000024710000] [id=5180]
  0x000000001e200910 ConcurrentGCThread "G1 Service" [stack: 0x000000001e550000,0x000000001e650000] [id=5708]

Threads with active compile tasks:
C2 CompilerThread0     4404 2481       4       org.apache.poi.xssf.usermodel.XSSFCell::<init> (104 bytes)
C2 CompilerThread1     4404 2385   !   4       org.apache.xmlbeans.impl.values.XmlObjectBase::check_dated (270 bytes)

VM state: at safepoint (normal execution)

VM Mutex/Monitor currently owned by a thread:  ([mutex/lock_event])
[0x00000000000f59a0] Threads_lock - owner thread: 0x000000001e2c4e60
[0x00000000000f5fd0] Heap_lock - owner thread: 0x00000000000faee0

Heap address: 0x00000000c0000000, size: 1024 MB, Compressed Oops mode: 32-bit

CDS archive(s) mapped at: [0x0000000800000000-0x0000000800bb0000-0x0000000800bb0000), size 12255232, SharedBaseAddress: 0x0000000800000000, ArchiveRelocationMode: 0.
Compressed class space mapped at: 0x0000000800c00000-0x0000000840c00000, reserved size: 1073741824
Narrow klass base: 0x0000000800000000, Narrow klass shift: 3, Narrow klass range: 0x100000000

GC Precious Log:
 CPUs: 4 total, 4 available
 Memory: 4094M
 Large Page Support: Disabled
 NUMA Support: Disabled
 Compressed Oops: Enabled (32-bit)
 Heap Region Size: 1M
 Heap Min Capacity: 8M
 Heap Initial Capacity: 64M
 Heap Max Capacity: 1G
 Pre-touch: Disabled
 Parallel Workers: 4
 Concurrent Workers: 1
 Concurrent Refinement Workers: 4
 Periodic GC: Disabled

Heap:
 garbage-first heap   total 78848K, used 55296K [0x00000000c0000000, 0x0000000100000000)
  region size 1024K, 2 young (2048K), 2 survivors (2048K)
 Metaspace       used 11917K, committed 12160K, reserved 1064960K
  class space    used 1267K, committed 1408K, reserved 1048576K

Heap Regions: E=young(eden), S=young(survivor), O=old, HS=humongous(starts), HC=humongous(continues), CS=collection set, F=free, OA=open archive, CA=closed archive, TAMS=top-at-mark-start (previous, next)
|   0|0x00000000c0000000, 0x00000000c0100000, 0x00000000c0100000|100%| O|  |TAMS 0x00000000c0000000, 0x00000000c0100000| Untracked 
|   1|0x00000000c0100000, 0x00000000c0200000, 0x00000000c0200000|100%|HS|  |TAMS 0x00000000c0100000, 0x00000000c0200000| Complete 
|   2|0x00000000c0200000, 0x00000000c0300000, 0x00000000c0300000|100%| O|  |TAMS 0x00000000c0200000, 0x00000000c0300000| Untracked 
|   3|0x00000000c0300000, 0x00000000c0400000, 0x00000000c0400000|100%| O|  |TAMS 0x00000000c0300000, 0x00000000c0400000| Untracked 
|   4|0x00000000c0400000, 0x00000000c0500000, 0x00000000c0500000|100%| O|  |TAMS 0x00000000c0400000, 0x00000000c0500000| Untracked 
|   5|0x00000000c0500000, 0x00000000c0600000, 0x00000000c0600000|100%| O|  |TAMS 0x00000000c0500000, 0x00000000c0600000| Untracked 
|   6|0x00000000c0600000, 0x00000000c0700000, 0x00000000c0700000|100%| O|  |TAMS 0x00000000c0600000, 0x00000000c0700000| Untracked 
|   7|0x00000000c0700000, 0x00000000c0800000, 0x00000000c0800000|100%| O|  |TAMS 0x00000000c0700000, 0x00000000c0800000| Untracked 
|   8|0x00000000c0800000, 0x00000000c0900000, 0x00000000c0900000|100%|HS|  |TAMS 0x00000000c0800000, 0x00000000c0900000| Complete 
|   9|0x00000000c0900000, 0x00000000c0a00000, 0x00000000c0a00000|100%|HC|  |TAMS 0x00000000c0900000, 0x00000000c0a00000| Complete 
|  10|0x00000000c0a00000, 0x00000000c0b00000, 0x00000000c0b00000|100%|HC|  |TAMS 0x00000000c0a00000, 0x00000000c0b00000| Complete 
|  11|0x00000000c0b00000, 0x00000000c0c00000, 0x00000000c0c00000|100%| O|  |TAMS 0x00000000c0b00000, 0x00000000c0c00000| Untracked 
|  12|0x00000000c0c00000, 0x00000000c0d00000, 0x00000000c0d00000|100%| O|  |TAMS 0x00000000c0c00000, 0x00000000c0d00000| Untracked 
|  13|0x00000000c0d00000, 0x00000000c0e00000, 0x00000000c0e00000|100%| O|  |TAMS 0x00000000c0d00000, 0x00000000c0e00000| Untracked 
|  14|0x00000000c0e00000, 0x00000000c0f00000, 0x00000000c0f00000|100%| O|  |TAMS 0x00000000c0e00000, 0x00000000c0f00000| Untracked 
|  15|0x00000000c0f00000, 0x00000000c1000000, 0x00000000c1000000|100%| O|  |TAMS 0x00000000c0f00000, 0x00000000c1000000| Untracked 
|  16|0x00000000c1000000, 0x00000000c1100000, 0x00000000c1100000|100%| O|  |TAMS 0x00000000c1000000, 0x00000000c1100000| Untracked 
|  17|0x00000000c1100000, 0x00000000c1200000, 0x00000000c1200000|100%| O|  |TAMS 0x00000000c1100000, 0x00000000c1200000| Untracked 
|  18|0x00000000c1200000, 0x00000000c1300000, 0x00000000c1300000|100%| O|  |TAMS 0x00000000c1200000, 0x00000000c1300000| Untracked 
|  19|0x00000000c1300000, 0x00000000c1400000, 0x00000000c1400000|100%| O|  |TAMS 0x00000000c1300000, 0x00000000c1400000| Untracked 
|  20|0x00000000c1400000, 0x00000000c1500000, 0x00000000c1500000|100%| O|  |TAMS 0x00000000c1400000, 0x00000000c1500000| Untracked 
|  21|0x00000000c1500000, 0x00000000c1600000, 0x00000000c1600000|100%| O|  |TAMS 0x00000000c1500000, 0x00000000c1600000| Untracked 
|  22|0x00000000c1600000, 0x00000000c1700000, 0x00000000c1700000|100%| O|  |TAMS 0x00000000c1600000, 0x00000000c1700000| Untracked 
|  23|0x00000000c1700000, 0x00000000c1800000, 0x00000000c1800000|100%| O|  |TAMS 0x00000000c1700000, 0x00000000c1800000| Untracked 
|  24|0x00000000c1800000, 0x00000000c1900000, 0x00000000c1900000|100%| O|  |TAMS 0x00000000c1800000, 0x00000000c1900000| Untracked 
|  25|0x00000000c1900000, 0x00000000c1a00000, 0x00000000c1a00000|100%| O|  |TAMS 0x00000000c1900000, 0x00000000c1a00000| Untracked 
|  26|0x00000000c1a00000, 0x00000000c1b00000, 0x00000000c1b00000|100%| O|  |TAMS 0x00000000c1a00000, 0x00000000c1b00000| Untracked 
|  27|0x00000000c1b00000, 0x00000000c1c00000, 0x00000000c1c00000|100%| O|  |TAMS 0x00000000c1b00000, 0x00000000c1c00000| Untracked 
|  28|0x00000000c1c00000, 0x00000000c1d00000, 0x00000000c1d00000|100%| O|  |TAMS 0x00000000c1c00000, 0x00000000c1d00000| Untracked 
|  29|0x00000000c1d00000, 0x00000000c1e00000, 0x00000000c1e00000|100%| O|  |TAMS 0x00000000c1d00000, 0x00000000c1e00000| Untracked 
|  30|0x00000000c1e00000, 0x00000000c1f00000, 0x00000000c1f00000|100%| O|  |TAMS 0x00000000c1e00000, 0x00000000c1f00000| Untracked 
|  31|0x00000000c1f00000, 0x00000000c2000000, 0x00000000c2000000|100%| O|  |TAMS 0x00000000c1f00000, 0x00000000c2000000| Untracked 
|  32|0x00000000c2000000, 0x00000000c2100000, 0x00000000c2100000|100%| O|  |TAMS 0x00000000c2000000, 0x00000000c2100000| Untracked 
|  33|0x00000000c2100000, 0x00000000c2200000, 0x00000000c2200000|100%| O|  |TAMS 0x00000000c2100000, 0x00000000c2200000| Untracked 
|  34|0x00000000c2200000, 0x00000000c2300000, 0x00000000c2300000|100%| O|  |TAMS 0x00000000c2200000, 0x00000000c2300000| Untracked 
|  35|0x00000000c2300000, 0x00000000c2400000, 0x00000000c2400000|100%| O|  |TAMS 0x00000000c2300000, 0x00000000c2400000| Untracked 
|  36|0x00000000c2400000, 0x00000000c2500000, 0x00000000c2500000|100%| O|  |TAMS 0x00000000c2400000, 0x00000000c2500000| Untracked 
|  37|0x00000000c2500000, 0x00000000c2600000, 0x00000000c2600000|100%| O|  |TAMS 0x00000000c2500000, 0x00000000c2600000| Untracked 
|  38|0x00000000c2600000, 0x00000000c2700000, 0x00000000c2700000|100%| O|  |TAMS 0x00000000c2600000, 0x00000000c2700000| Untracked 
|  39|0x00000000c2700000, 0x00000000c2800000, 0x00000000c2800000|100%| O|  |TAMS 0x00000000c2700000, 0x00000000c2700000| Untracked 
|  40|0x00000000c2800000, 0x00000000c2900000, 0x00000000c2900000|100%| O|  |TAMS 0x00000000c2800000, 0x00000000c2800000| Untracked 
|  41|0x00000000c2900000, 0x00000000c2a00000, 0x00000000c2a00000|100%| O|  |TAMS 0x00000000c2900000, 0x00000000c2900000| Untracked 
|  42|0x00000000c2a00000, 0x00000000c2b00000, 0x00000000c2b00000|100%| O|  |TAMS 0x00000000c2a00000, 0x00000000c2a00000| Untracked 
|  43|0x00000000c2b00000, 0x00000000c2c00000, 0x00000000c2c00000|100%| O|  |TAMS 0x00000000c2b00000, 0x00000000c2b00000| Untracked 
|  44|0x00000000c2c00000, 0x00000000c2d00000, 0x00000000c2d00000|100%| O|  |TAMS 0x00000000c2c00000, 0x00000000c2c00000| Untracked 
|  45|0x00000000c2d00000, 0x00000000c2e00000, 0x00000000c2e00000|100%| O|  |TAMS 0x00000000c2d00000, 0x00000000c2d00000| Untracked 
|  46|0x00000000c2e00000, 0x00000000c2f00000, 0x00000000c2f00000|100%| O|  |TAMS 0x00000000c2e00000, 0x00000000c2e00000| Untracked 
|  47|0x00000000c2f00000, 0x00000000c3000000, 0x00000000c3000000|100%| O|  |TAMS 0x00000000c2f00000, 0x00000000c2f00000| Untracked 
|  48|0x00000000c3000000, 0x00000000c3100000, 0x00000000c3100000|100%| O|  |TAMS 0x00000000c3000000, 0x00000000c3000000| Untracked 
|  49|0x00000000c3100000, 0x00000000c3200000, 0x00000000c3200000|100%| O|  |TAMS 0x00000000c3100000, 0x00000000c3100000| Untracked 
|  50|0x00000000c3200000, 0x00000000c3300000, 0x00000000c3300000|100%| O|  |TAMS 0x00000000c3200000, 0x00000000c3200000| Untracked 
|  51|0x00000000c3300000, 0x00000000c3400000, 0x00000000c3400000|100%| O|  |TAMS 0x00000000c3300000, 0x00000000c3300000| Untracked 
|  52|0x00000000c3400000, 0x00000000c3400000, 0x00000000c3500000|  0%| F|  |TAMS 0x00000000c3400000, 0x00000000c3400000| Untracked 
|  53|0x00000000c3500000, 0x00000000c3500000, 0x00000000c3600000|  0%| F|  |TAMS 0x00000000c3500000, 0x00000000c3500000| Untracked 
|  54|0x00000000c3600000, 0x00000000c3600000, 0x00000000c3700000|  0%| F|  |TAMS 0x00000000c3600000, 0x00000000c3600000| Untracked 
|  55|0x00000000c3700000, 0x00000000c3700000, 0x00000000c3800000|  0%| F|  |TAMS 0x00000000c3700000, 0x00000000c3700000| Untracked 
|  56|0x00000000c3800000, 0x00000000c3800000, 0x00000000c3900000|  0%| F|  |TAMS 0x00000000c3800000, 0x00000000c3800000| Untracked 
|  57|0x00000000c3900000, 0x00000000c3900000, 0x00000000c3a00000|  0%| F|  |TAMS 0x00000000c3900000, 0x00000000c3900000| Untracked 
|  58|0x00000000c3a00000, 0x00000000c3a00000, 0x00000000c3b00000|  0%| F|  |TAMS 0x00000000c3a00000, 0x00000000c3a00000| Untracked 
|  59|0x00000000c3b00000, 0x00000000c3b00000, 0x00000000c3c00000|  0%| F|  |TAMS 0x00000000c3b00000, 0x00000000c3b00000| Untracked 
|  60|0x00000000c3c00000, 0x00000000c3c00000, 0x00000000c3d00000|  0%| F|  |TAMS 0x00000000c3c00000, 0x00000000c3c00000| Untracked 
|  61|0x00000000c3d00000, 0x00000000c3d00000, 0x00000000c3e00000|  0%| F|  |TAMS 0x00000000c3d00000, 0x00000000c3d00000| Untracked 
|  62|0x00000000c3e00000, 0x00000000c3e00000, 0x00000000c3f00000|  0%| F|  |TAMS 0x00000000c3e00000, 0x00000000c3e00000| Untracked 
|  63|0x00000000c3f00000, 0x00000000c3f00000, 0x00000000c4000000|  0%| F|  |TAMS 0x00000000c3f00000, 0x00000000c3f00000| Untracked 
|  64|0x00000000c4000000, 0x00000000c4000000, 0x00000000c4100000|  0%| F|  |TAMS 0x00000000c4000000, 0x00000000c4000000| Untracked 
|  65|0x00000000c4100000, 0x00000000c4100000, 0x00000000c4200000|  0%| F|  |TAMS 0x00000000c4100000, 0x00000000c4100000| Untracked 
|  66|0x00000000c4200000, 0x00000000c4300000, 0x00000000c4300000|100%| S|CS|TAMS 0x00000000c4200000, 0x00000000c4200000| Complete 
|  67|0x00000000c4300000, 0x00000000c4400000, 0x00000000c4400000|100%| S|CS|TAMS 0x00000000c4300000, 0x00000000c4300000| Complete 
|  68|0x00000000c4400000, 0x00000000c4400000, 0x00000000c4500000|  0%| F|  |TAMS 0x00000000c4400000, 0x00000000c4400000| Untracked 
|  69|0x00000000c4500000, 0x00000000c4500000, 0x00000000c4600000|  0%| F|  |TAMS 0x00000000c4500000, 0x00000000c4500000| Untracked 
|  70|0x00000000c4600000, 0x00000000c4600000, 0x00000000c4700000|  0%| F|  |TAMS 0x00000000c4600000, 0x00000000c4600000| Untracked 
|  71|0x00000000c4700000, 0x00000000c4700000, 0x00000000c4800000|  0%| F|  |TAMS 0x00000000c4700000, 0x00000000c4700000| Untracked 
|  72|0x00000000c4800000, 0x00000000c4800000, 0x00000000c4900000|  0%| F|  |TAMS 0x00000000c4800000, 0x00000000c4800000| Untracked 
|  73|0x00000000c4900000, 0x00000000c4900000, 0x00000000c4a00000|  0%| F|  |TAMS 0x00000000c4900000, 0x00000000c4900000| Untracked 
|  74|0x00000000c4a00000, 0x00000000c4a00000, 0x00000000c4b00000|  0%| F|  |TAMS 0x00000000c4a00000, 0x00000000c4a00000| Untracked 
|  75|0x00000000c4b00000, 0x00000000c4b00000, 0x00000000c4c00000|  0%| F|  |TAMS 0x00000000c4b00000, 0x00000000c4b00000| Untracked 
|  76|0x00000000c4c00000, 0x00000000c4c00000, 0x00000000c4d00000|  0%| F|  |TAMS 0x00000000c4c00000, 0x00000000c4c00000| Untracked 

Card table byte_map: [0x0000000019510000,0x0000000019710000] _byte_map_base: 0x0000000018f10000

Marking Bits (Prev, Next): (CMBitMap*) 0x0000000000130400, (CMBitMap*) 0x0000000000130440
 Prev Bits: [0x0000000019910000, 0x000000001a910000)
 Next Bits: [0x000000001a910000, 0x000000001b910000)

Polling page: 0x00000000001c0000

Metaspace:

Usage:
  Non-class:     10.40 MB used.
      Class:      1.24 MB used.
       Both:     11.64 MB used.

Virtual space:
  Non-class space:       16.00 MB reserved,      10.50 MB ( 66%) committed,  2 nodes.
      Class space:        1.00 GB reserved,       1.38 MB ( <1%) committed,  1 nodes.
              Both:        1.02 GB reserved,      11.88 MB (  1%) committed. 

Chunk freelists:
   Non-Class:  685.00 KB
       Class:  2.54 MB
        Both:  3.21 MB

MaxMetaspaceSize: 17179869184.00 GB
CompressedClassSpaceSize: 1.00 GB
 - commit_granule_bytes: 65536.
 - commit_granule_words: 8192.
 - virtual_space_node_default_size: 1048576.
 - enlarge_chunks_in_place: 1.
 - new_chunks_are_fully_committed: 0.
 - uncommit_free_chunks: 1.
 - use_allocation_guard: 0.
 - handle_deallocations: 1.


Internal statistics:

num_allocs_failed_limit: 0.
num_arena_births: 152.
num_arena_deaths: 0.
num_vsnodes_births: 3.
num_vsnodes_deaths: 0.
num_space_committed: 190.
num_space_uncommitted: 0.
num_chunks_returned_to_freelist: 0.
num_chunks_taken_from_freelist: 542.
num_chunk_merges: 0.
num_chunk_splits: 343.
num_chunks_enlarged: 227.
num_purges: 0.

CodeHeap 'non-profiled nmethods': size=120000Kb used=1236Kb max_used=1236Kb free=118763Kb
 bounds [0x00000000119a0000, 0x0000000011c10000, 0x0000000018ed0000]
CodeHeap 'profiled nmethods': size=120000Kb used=5132Kb max_used=5132Kb free=114868Kb
 bounds [0x000000000a470000, 0x000000000a980000, 0x00000000119a0000]
CodeHeap 'non-nmethods': size=5760Kb used=1206Kb max_used=1256Kb free=4553Kb
 bounds [0x0000000009ed0000, 0x000000000a140000, 0x000000000a470000]
 total_blobs=2962 nmethods=2461 adapters=414
 compilation: enabled
              stopped_count=0, restarted_count=0
 full_count=0

Compilation events (20 events):
Event: 4.286 Thread 0x000000001e2ee2b0 2522       2       com.sun.org.apache.xerces.internal.utils.XMLSecurityManager::setLimit (51 bytes)
Event: 4.286 Thread 0x000000001e2ee2b0 nmethod 2522 0x000000000a96e010 code [0x000000000a96e1e0, 0x000000000a96e568]
Event: 4.286 Thread 0x000000001e2ee2b0 2523       2       com.sun.org.apache.xerces.internal.util.XMLChar::isNCNameStart (23 bytes)
Event: 4.286 Thread 0x000000001e2ee2b0 nmethod 2523 0x000000000a96e790 code [0x000000000a96e920, 0x000000000a96ea58]
Event: 4.293 Thread 0x000000001e2ee2b0 2524  s    2       org.apache.xmlbeans.impl.schema.XmlValueRef::get (114 bytes)
Event: 4.294 Thread 0x000000001e2ee2b0 nmethod 2524 0x000000000a96eb10 code [0x000000000a96ed60, 0x000000000a96f5f8]
Event: 4.294 Thread 0x000000001e2ee2b0 2525   !   2       org.apache.xmlbeans.impl.schema.SchemaLocalAttributeImpl::getDefaultValue (99 bytes)
Event: 4.295 Thread 0x000000001e2ee2b0 nmethod 2525 0x000000000a96fa10 code [0x000000000a96fce0, 0x000000000a970708]
Event: 4.346 Thread 0x000000001e2ee2b0 2526       2       com.sun.org.apache.xerces.internal.impl.dtd.XMLDTDProcessor::setProperty (1 bytes)
Event: 4.347 Thread 0x000000001e2ee2b0 nmethod 2526 0x000000000a970f10 code [0x000000000a9710a0, 0x000000000a971198]
Event: 4.347 Thread 0x000000001e2ee2b0 2527       2       com.sun.org.apache.xerces.internal.impl.dtd.XMLDTDValidator::setProperty (1 bytes)
Event: 4.347 Thread 0x000000001e2ee2b0 nmethod 2527 0x000000000a971210 code [0x000000000a9713a0, 0x000000000a971498]
Event: 4.347 Thread 0x000000001e2ee2b0 2528       2       com.sun.org.apache.xerces.internal.impl.XMLEntityManager::setProperty (307 bytes)
Event: 4.348 Thread 0x000000001e2ee2b0 nmethod 2528 0x000000000a971510 code [0x000000000a9717e0, 0x000000000a9724a8]
Event: 4.348 Thread 0x000000001e2ee2b0 2529       2       com.sun.org.apache.xerces.internal.impl.XMLErrorReporter::setProperty (47 bytes)
Event: 4.348 Thread 0x000000001e2ee2b0 nmethod 2529 0x000000000a972a10 code [0x000000000a972be0, 0x000000000a972e58]
Event: 4.356 Thread 0x000000001e2e0340 nmethod 2473 0x0000000011aced10 code [0x0000000011acf120, 0x0000000011ad28c8]
Event: 4.356 Thread 0x000000001e2e0340 2474   !   4       org.openxmlformats.schemas.spreadsheetml.x2006.main.impl.CTCellImpl::getF (49 bytes)
Event: 4.364 Thread 0x000000001e2e0340 nmethod 2474 0x0000000011ad4610 code [0x0000000011ad47e0, 0x0000000011ad4e68]
Event: 4.364 Thread 0x000000001e2e0340 2481       4       org.apache.poi.xssf.usermodel.XSSFCell::<init> (104 bytes)

GC Heap History (17 events):
Event: 0.830 GC heap before
{Heap before GC invocations=0 (full 0):
 garbage-first heap   total 65536K, used 14336K [0x00000000c0000000, 0x0000000100000000)
  region size 1024K, 13 young (13312K), 0 survivors (0K)
 Metaspace       used 3208K, committed 3328K, reserved 1056768K
  class space    used 305K, committed 384K, reserved 1048576K
}
Event: 0.843 GC heap after
{Heap after GC invocations=1 (full 0):
 garbage-first heap   total 65536K, used 5481K [0x00000000c0000000, 0x0000000100000000)
  region size 1024K, 2 young (2048K), 2 survivors (2048K)
 Metaspace       used 3208K, committed 3328K, reserved 1056768K
  class space    used 305K, committed 384K, reserved 1048576K
}
Event: 1.584 GC heap before
{Heap before GC invocations=1 (full 0):
 garbage-first heap   total 65536K, used 21865K [0x00000000c0000000, 0x0000000100000000)
  region size 1024K, 13 young (13312K), 2 survivors (2048K)
 Metaspace       used 7239K, committed 7424K, reserved 1056768K
  class space    used 703K, committed 768K, reserved 1048576K
}
Event: 1.591 GC heap after
{Heap after GC invocations=2 (full 0):
 garbage-first heap   total 65536K, used 11031K [0x00000000c0000000, 0x0000000100000000)
  region size 1024K, 2 young (2048K), 2 survivors (2048K)
 Metaspace       used 7239K, committed 7424K, reserved 1056768K
  class space    used 703K, committed 768K, reserved 1048576K
}
Event: 1.789 GC heap before
{Heap before GC invocations=2 (full 0):
 garbage-first heap   total 65536K, used 29463K [0x00000000c0000000, 0x0000000100000000)
  region size 1024K, 20 young (20480K), 2 survivors (2048K)
 Metaspace       used 8740K, committed 8960K, reserved 1056768K
  class space    used 887K, committed 1024K, reserved 1048576K
}
Event: 1.796 GC heap after
{Heap after GC invocations=3 (full 0):
 garbage-first heap   total 65536K, used 11916K [0x00000000c0000000, 0x0000000100000000)
  region size 1024K, 1 young (1024K), 1 survivors (1024K)
 Metaspace       used 8740K, committed 8960K, reserved 1056768K
  class space    used 887K, committed 1024K, reserved 1048576K
}
Event: 2.048 GC heap before
{Heap before GC invocations=3 (full 0):
 garbage-first heap   total 65536K, used 43660K [0x00000000c0000000, 0x0000000100000000)
  region size 1024K, 32 young (32768K), 1 survivors (1024K)
 Metaspace       used 9627K, committed 9856K, reserved 1064960K
  class space    used 1011K, committed 1152K, reserved 1048576K
}
Event: 2.056 GC heap after
{Heap after GC invocations=4 (full 0):
 garbage-first heap   total 65536K, used 14248K [0x00000000c0000000, 0x0000000100000000)
  region size 1024K, 3 young (3072K), 3 survivors (3072K)
 Metaspace       used 9627K, committed 9856K, reserved 1064960K
  class space    used 1011K, committed 1152K, reserved 1048576K
}
Event: 3.374 GC heap before
{Heap before GC invocations=4 (full 0):
 garbage-first heap   total 65536K, used 47016K [0x00000000c0000000, 0x0000000100000000)
  region size 1024K, 35 young (35840K), 3 survivors (3072K)
 Metaspace       used 11813K, committed 12032K, reserved 1064960K
  class space    used 1266K, committed 1408K, reserved 1048576K
}
Event: 3.408 GC heap after
{Heap after GC invocations=5 (full 0):
 garbage-first heap   total 78848K, used 26735K [0x00000000c0000000, 0x0000000100000000)
  region size 1024K, 5 young (5120K), 5 survivors (5120K)
 Metaspace       used 11813K, committed 12032K, reserved 1064960K
  class space    used 1266K, committed 1408K, reserved 1048576K
}
Event: 3.967 GC heap before
{Heap before GC invocations=5 (full 0):
 garbage-first heap   total 78848K, used 49263K [0x00000000c0000000, 0x0000000100000000)
  region size 1024K, 27 young (27648K), 5 survivors (5120K)
 Metaspace       used 11813K, committed 12032K, reserved 1064960K
  class space    used 1266K, committed 1408K, reserved 1048576K
}
Event: 4.006 GC heap after
{Heap after GC invocations=6 (full 0):
 garbage-first heap   total 78848K, used 34816K [0x00000000c0000000, 0x0000000100000000)
  region size 1024K, 4 young (4096K), 4 survivors (4096K)
 Metaspace       used 11813K, committed 12032K, reserved 1064960K
  class space    used 1266K, committed 1408K, reserved 1048576K
}
Event: 4.172 GC heap before
{Heap before GC invocations=6 (full 0):
 garbage-first heap   total 78848K, used 53248K [0x00000000c0000000, 0x0000000100000000)
  region size 1024K, 22 young (22528K), 4 survivors (4096K)
 Metaspace       used 11875K, committed 12096K, reserved 1064960K
  class space    used 1267K, committed 1408K, reserved 1048576K
}
Event: 4.200 GC heap after
{Heap after GC invocations=7 (full 0):
 garbage-first heap   total 78848K, used 43008K [0x00000000c0000000, 0x0000000100000000)
  region size 1024K, 3 young (3072K), 3 survivors (3072K)
 Metaspace       used 11875K, committed 12096K, reserved 1064960K
  class space    used 1267K, committed 1408K, reserved 1048576K
}
Event: 4.307 GC heap before
{Heap before GC invocations=7 (full 0):
 garbage-first heap   total 78848K, used 55296K [0x00000000c0000000, 0x0000000100000000)
  region size 1024K, 15 young (15360K), 3 survivors (3072K)
 Metaspace       used 11913K, committed 12160K, reserved 1064960K
  class space    used 1267K, committed 1408K, reserved 1048576K
}
Event: 4.333 GC heap after
{Heap after GC invocations=8 (full 0):
 garbage-first heap   total 78848K, used 48640K [0x00000000c0000000, 0x0000000100000000)
  region size 1024K, 2 young (2048K), 2 survivors (2048K)
 Metaspace       used 11913K, committed 12160K, reserved 1064960K
  class space    used 1267K, committed 1408K, reserved 1048576K
}
Event: 4.377 GC heap before
{Heap before GC invocations=8 (full 0):
 garbage-first heap   total 78848K, used 57856K [0x00000000c0000000, 0x0000000100000000)
  region size 1024K, 11 young (11264K), 2 survivors (2048K)
 Metaspace       used 11917K, committed 12160K, reserved 1064960K
  class space    used 1267K, committed 1408K, reserved 1048576K
}

Deoptimization events (20 events):
Event: 3.436 Thread 0x00000000000faee0 DEOPT PACKING pc=0x000000000a87a5fe sp=0x000000000231de00
Event: 3.436 Thread 0x00000000000faee0 DEOPT UNPACKING pc=0x0000000009f1deaf sp=0x000000000231d2a0 mode 0
Event: 3.437 Thread 0x00000000000faee0 DEOPT PACKING pc=0x000000000a87a5fe sp=0x000000000231df80
Event: 3.437 Thread 0x00000000000faee0 DEOPT UNPACKING pc=0x0000000009f1deaf sp=0x000000000231d420 mode 0
Event: 3.438 Thread 0x00000000000faee0 DEOPT PACKING pc=0x000000000a87a5fe sp=0x000000000231df60
Event: 3.438 Thread 0x00000000000faee0 DEOPT UNPACKING pc=0x0000000009f1deaf sp=0x000000000231d400 mode 0
Event: 3.438 Thread 0x00000000000faee0 DEOPT PACKING pc=0x000000000a87a5fe sp=0x000000000231de00
Event: 3.438 Thread 0x00000000000faee0 DEOPT UNPACKING pc=0x0000000009f1deaf sp=0x000000000231d2a0 mode 0
Event: 3.439 Thread 0x00000000000faee0 DEOPT PACKING pc=0x000000000a87a5fe sp=0x000000000231df60
Event: 3.439 Thread 0x00000000000faee0 DEOPT UNPACKING pc=0x0000000009f1deaf sp=0x000000000231d400 mode 0
Event: 3.440 Thread 0x00000000000faee0 DEOPT PACKING pc=0x000000000a87a5fe sp=0x000000000231de00
Event: 3.440 Thread 0x00000000000faee0 DEOPT UNPACKING pc=0x0000000009f1deaf sp=0x000000000231d2a0 mode 0
Event: 3.441 Thread 0x00000000000faee0 DEOPT PACKING pc=0x000000000a87a5fe sp=0x000000000231de40
Event: 3.441 Thread 0x00000000000faee0 DEOPT UNPACKING pc=0x0000000009f1deaf sp=0x000000000231d2e0 mode 0
Event: 3.442 Thread 0x00000000000faee0 DEOPT PACKING pc=0x000000000a87a730 sp=0x000000000231de40
Event: 3.442 Thread 0x00000000000faee0 DEOPT UNPACKING pc=0x0000000009f1deaf sp=0x000000000231d2e0 mode 0
Event: 4.063 Thread 0x00000000000faee0 Uncommon trap: trap_request=0xffffffde fr.pc=0x0000000011a608e0 relative=0x00000000000003a0
Event: 4.063 Thread 0x00000000000faee0 Uncommon trap: reason=class_check action=maybe_recompile pc=0x0000000011a608e0 method=org.apache.xmlbeans.impl.store.CharUtil.getChars([CILjava/lang/Object;II)V @ 88 c2
Event: 4.063 Thread 0x00000000000faee0 DEOPT PACKING pc=0x0000000011a608e0 sp=0x000000000231e190
Event: 4.063 Thread 0x00000000000faee0 DEOPT UNPACKING pc=0x0000000009f1d728 sp=0x000000000231e140 mode 2

Classes unloaded (0 events):
No events

Classes redefined (0 events):
No events

Internal exceptions (20 events):
Event: 0.244 Thread 0x00000000000faee0 Exception <a 'java/lang/NoSuchMethodError'{0x00000000c3af6418}: 'java.lang.Object java.lang.invoke.DirectMethodHandle$Holder.newInvokeSpecial(java.lang.Object, int, java.lang.Object)'> (0x00000000c3af6418) 
thrown [t:\workspace\open\src\hotspot\share\interpreter\linkResolver.cpp, line 790]
Event: 0.253 Thread 0x00000000000faee0 Exception <a 'java/lang/NoSuchMethodError'{0x00000000c39264b8}: 'java.lang.Object java.lang.invoke.DirectMethodHandle$Holder.invokeInterface(java.lang.Object, java.lang.Object)'> (0x00000000c39264b8) 
thrown [t:\workspace\open\src\hotspot\share\interpreter\linkResolver.cpp, line 790]
Event: 0.253 Thread 0x00000000000faee0 Exception <a 'java/lang/IncompatibleClassChangeError'{0x00000000c3929eb0}: Found class java.lang.Object, but interface was expected> (0x00000000c3929eb0) 
thrown [t:\workspace\open\src\hotspot\share\interpreter\linkResolver.cpp, line 857]
Event: 0.261 Thread 0x00000000000faee0 Exception <a 'java/lang/NoSuchMethodError'{0x00000000c394cbf0}: 'void java.lang.invoke.DirectMethodHandle$Holder.invokeSpecial(java.lang.Object, java.lang.Object, java.lang.Object, java.lang.Object, java.lang.Object)'> (0x00000000c394cbf0) 
thrown [t:\workspace\open\src\hotspot\share\interpreter\linkResolver.cpp, line 790]
Event: 0.866 Thread 0x00000000000faee0 Exception <a 'java/lang/NoSuchMethodError'{0x00000000c3e84490}: 'int java.lang.invoke.DirectMethodHandle$Holder.invokeStaticInit(java.lang.Object, java.lang.Object, java.lang.Object)'> (0x00000000c3e84490) 
thrown [t:\workspace\open\src\hotspot\share\interpreter\linkResolver.cpp, line 790]
Event: 0.928 Thread 0x00000000000faee0 Exception <a 'java/lang/NoSuchMethodError'{0x00000000c3d05b18}: 'void java.lang.invoke.DirectMethodHandle$Holder.invokeVirtual(java.lang.Object, java.lang.Object, java.lang.Object, java.lang.Object)'> (0x00000000c3d05b18) 
thrown [t:\workspace\open\src\hotspot\share\interpreter\linkResolver.cpp, line 790]
Event: 0.956 Thread 0x00000000000faee0 Exception <a 'java/lang/NoSuchMethodError'{0x00000000c3d514e0}: 'void java.lang.invoke.DirectMethodHandle$Holder.invokeStatic(java.lang.Object, java.lang.Object, java.lang.Object, int)'> (0x00000000c3d514e0) 
thrown [t:\workspace\open\src\hotspot\share\interpreter\linkResolver.cpp, line 790]
Event: 0.957 Thread 0x00000000000faee0 Exception <a 'java/lang/NoSuchMethodError'{0x00000000c3d54e28}: 'void java.lang.invoke.DirectMethodHandle$Holder.invokeStaticInit(java.lang.Object, java.lang.Object, java.lang.Object, int)'> (0x00000000c3d54e28) 
thrown [t:\workspace\open\src\hotspot\share\interpreter\linkResolver.cpp, line 790]
Event: 1.043 Thread 0x00000000000faee0 Exception <a 'java/lang/NoSuchMethodError'{0x00000000c3c27db0}: 'void java.lang.invoke.DirectMethodHandle$Holder.invokeInterface(java.lang.Object, java.lang.Object, java.lang.Object)'> (0x00000000c3c27db0) 
thrown [t:\workspace\open\src\hotspot\share\interpreter\linkResolver.cpp, line 790]
Event: 1.358 Thread 0x00000000000faee0 Exception <a 'java/lang/NoSuchMethodError'{0x00000000c388eaf0}: 'java.lang.Object java.lang.invoke.DirectMethodHandle$Holder.invokeStatic(java.lang.Object, java.lang.Object, int, int)'> (0x00000000c388eaf0) 
thrown [t:\workspace\open\src\hotspot\share\interpreter\linkResolver.cpp, line 790]
Event: 1.358 Thread 0x00000000000faee0 Exception <a 'java/lang/NoSuchMethodError'{0x00000000c3892770}: 'java.lang.Object java.lang.invoke.DirectMethodHandle$Holder.invokeStaticInit(java.lang.Object, java.lang.Object, int, int)'> (0x00000000c3892770) 
thrown [t:\workspace\open\src\hotspot\share\interpreter\linkResolver.cpp, line 790]
Event: 1.666 Thread 0x00000000000faee0 Implicit null exception at 0x00000000119ffade to 0x0000000011a00b6c
Event: 1.730 Thread 0x00000000000faee0 Exception <a 'java/lang/NoSuchMethodError'{0x00000000c3aac508}: 'java.lang.Object java.lang.invoke.DirectMethodHandle$Holder.newInvokeSpecial(java.lang.Object, java.lang.Object, int, java.lang.Object)'> (0x00000000c3aac508) 
thrown [t:\workspace\open\src\hotspot\share\interpreter\linkResolver.cpp, line 790]
Event: 1.731 Thread 0x00000000000faee0 Exception <a 'java/lang/NoSuchMethodError'{0x00000000c3ab09c0}: 'java.lang.Object java.lang.invoke.DirectMethodHandle$Holder.invokeSpecial(java.lang.Object, java.lang.Object, java.lang.Object, int, java.lang.Object)'> (0x00000000c3ab09c0) 
thrown [t:\workspace\open\src\hotspot\share\interpreter\linkResolver.cpp, line 790]
Event: 1.731 Thread 0x00000000000faee0 Exception <a 'java/lang/NoSuchMethodError'{0x00000000c3ab4a28}: 'java.lang.Object java.lang.invoke.Invokers$Holder.linkToTargetMethod(java.lang.Object, int, java.lang.Object, java.lang.Object)'> (0x00000000c3ab4a28) 
thrown [t:\workspace\open\src\hotspot\share\interpreter\linkResolver.cpp, line 790]
Event: 1.740 Thread 0x00000000000faee0 Exception <a 'java/lang/NoSuchMethodError'{0x00000000c39114b0}: 'void java.lang.invoke.DirectMethodHandle$Holder.invokeVirtual(java.lang.Object, java.lang.Object)'> (0x00000000c39114b0) 
thrown [t:\workspace\open\src\hotspot\share\interpreter\linkResolver.cpp, line 790]
Event: 3.206 Thread 0x00000000000faee0 Exception <a 'java/lang/NoSuchMethodError'{0x00000000c2cd4558}: 'java.lang.Object java.lang.invoke.DirectMethodHandle$Holder.invokeVirtual(java.lang.Object, java.lang.Object, int)'> (0x00000000c2cd4558) 
thrown [t:\workspace\open\src\hotspot\share\interpreter\linkResolver.cpp, line 790]
Event: 3.209 Thread 0x00000000000faee0 Exception <a 'java/lang/NoSuchMethodError'{0x00000000c2cdbee0}: 'void java.lang.invoke.DirectMethodHandle$Holder.invokeVirtual(java.lang.Object, java.lang.Object, int, java.lang.Object)'> (0x00000000c2cdbee0) 
thrown [t:\workspace\open\src\hotspot\share\interpreter\linkResolver.cpp, line 790]
Event: 3.212 Thread 0x00000000000faee0 Exception <a 'java/lang/NoSuchMethodError'{0x00000000c2ce6f28}: 'void java.lang.invoke.DirectMethodHandle$Holder.invokeVirtual(java.lang.Object, java.lang.Object, int)'> (0x00000000c2ce6f28) 
thrown [t:\workspace\open\src\hotspot\share\interpreter\linkResolver.cpp, line 790]
Event: 3.213 Thread 0x00000000000faee0 Exception <a 'java/lang/NoSuchMethodError'{0x00000000c2cee028}: 'int java.lang.invoke.DirectMethodHandle$Holder.invokeVirtual(java.lang.Object, java.lang.Object)'> (0x00000000c2cee028) 
thrown [t:\workspace\open\src\hotspot\share\interpreter\linkResolver.cpp, line 790]

Events (20 events):
Event: 3.224 loading class java/util/TreeMap$NavigableSubMap
Event: 3.225 loading class java/util/TreeMap$NavigableSubMap done
Event: 3.225 loading class java/util/TreeMap$AscendingSubMap done
Event: 3.225 loading class java/util/TreeMap$NavigableSubMap$SubMapKeyIterator
Event: 3.225 loading class java/util/TreeMap$NavigableSubMap$SubMapIterator
Event: 3.225 loading class java/util/TreeMap$NavigableSubMap$SubMapIterator done
Event: 3.225 loading class java/util/TreeMap$NavigableSubMap$SubMapKeyIterator done
Event: 3.259 Executing  VM operation: ICBufferFull
Event: 3.269 Executing  VM operation: ICBufferFull done
Event: 3.274 loading class jdk/internal/math/FDBigInteger
Event: 3.275 loading class jdk/internal/math/FDBigInteger done
Event: 3.374 Executing  VM operation: G1CollectForAllocation
Event: 3.408 Executing  VM operation: G1CollectForAllocation done
Event: 3.967 Executing  VM operation: G1CollectForAllocation
Event: 4.006 Executing  VM operation: G1CollectForAllocation done
Event: 4.171 Executing  VM operation: G1CollectForAllocation
Event: 4.201 Executing  VM operation: G1CollectForAllocation done
Event: 4.307 Executing  VM operation: G1CollectForAllocation
Event: 4.333 Executing  VM operation: G1CollectForAllocation done
Event: 4.377 Executing  VM operation: G1CollectForAllocation


Dynamic libraries:
0x000000013f4a0000 - 0x000000013f4b0000 	C:\Program Files\Java\jdk-16.0.2\bin\java.exe
0x0000000076e50000 - 0x0000000076fef000 	C:\Windows\SYSTEM32\ntdll.dll
0x0000000076c30000 - 0x0000000076d50000 	C:\Windows\system32\kernel32.dll
0x000007fefca10000 - 0x000007fefca77000 	C:\Windows\system32\KERNELBASE.dll
0x000007fedaaf0000 - 0x000007fedab08000 	C:\Program Files\Java\jdk-16.0.2\bin\jli.dll
0x000007fefe140000 - 0x000007fefe21b000 	C:\Windows\system32\ADVAPI32.dll
0x000007feff0a0000 - 0x000007feff13f000 	C:\Windows\system32\msvcrt.dll
0x000007fefed70000 - 0x000007fefed8f000 	C:\Windows\SYSTEM32\sechost.dll
0x000007fefe6a0000 - 0x000007fefe7ca000 	C:\Windows\system32\RPCRT4.dll
0x000007fefb110000 - 0x000007fefb305000 	C:\Windows\WinSxS\amd64_microsoft.windows.common-controls_6595b64144ccf1df_6.0.7601.24483_none_e372d88f30fbb845\COMCTL32.dll
0x000007fefed00000 - 0x000007fefed68000 	C:\Windows\system32\GDI32.dll
0x0000000076d50000 - 0x0000000076e4b000 	C:\Windows\system32\USER32.dll
0x000007fefeff0000 - 0x000007fefeffe000 	C:\Windows\system32\LPK.dll
0x000007fefe5d0000 - 0x000007fefe69b000 	C:\Windows\system32\USP10.dll
0x000007fefe7d0000 - 0x000007fefe841000 	C:\Windows\system32\SHLWAPI.dll
0x000007fefb7d0000 - 0x000007fefb7dc000 	C:\Windows\system32\VERSION.dll
0x000007fedb460000 - 0x000007fedb479000 	C:\Program Files\Java\jdk-16.0.2\bin\VCRUNTIME140.dll
0x000007feef0a0000 - 0x000007feef0a4000 	C:\Program Files\Java\jdk-16.0.2\bin\api-ms-win-crt-runtime-l1-1-0.dll
0x000007feda8f0000 - 0x000007feda9ea000 	C:\Program Files\Java\jdk-16.0.2\bin\ucrtbase.DLL
0x000007fefa700000 - 0x000007fefa703000 	C:\Program Files\Java\jdk-16.0.2\bin\api-ms-win-core-localization-l1-2-0.dll
0x000007fedaae0000 - 0x000007fedaae3000 	C:\Program Files\Java\jdk-16.0.2\bin\api-ms-win-core-processthreads-l1-1-1.dll
0x000007feeeaf0000 - 0x000007feeeaf3000 	C:\Program Files\Java\jdk-16.0.2\bin\api-ms-win-core-file-l1-2-0.dll
0x000007fedaad0000 - 0x000007fedaad3000 	C:\Program Files\Java\jdk-16.0.2\bin\api-ms-win-core-timezone-l1-1-0.dll
0x000007fedaac0000 - 0x000007fedaac3000 	C:\Program Files\Java\jdk-16.0.2\bin\api-ms-win-core-file-l2-1-0.dll
0x000007fedaab0000 - 0x000007fedaab3000 	C:\Program Files\Java\jdk-16.0.2\bin\api-ms-win-core-synch-l1-2-0.dll
0x000007fedaaa0000 - 0x000007fedaaa3000 	C:\Program Files\Java\jdk-16.0.2\bin\api-ms-win-crt-heap-l1-1-0.dll
0x000007fedaa90000 - 0x000007fedaa94000 	C:\Program Files\Java\jdk-16.0.2\bin\api-ms-win-crt-string-l1-1-0.dll
0x000007fedaa80000 - 0x000007fedaa84000 	C:\Program Files\Java\jdk-16.0.2\bin\api-ms-win-crt-stdio-l1-1-0.dll
0x000007fedaa70000 - 0x000007fedaa74000 	C:\Program Files\Java\jdk-16.0.2\bin\api-ms-win-crt-convert-l1-1-0.dll
0x000007fedaa60000 - 0x000007fedaa63000 	C:\Program Files\Java\jdk-16.0.2\bin\api-ms-win-crt-environment-l1-1-0.dll
0x000007fedaa50000 - 0x000007fedaa53000 	C:\Program Files\Java\jdk-16.0.2\bin\api-ms-win-crt-filesystem-l1-1-0.dll
0x000007fedaa40000 - 0x000007fedaa45000 	C:\Program Files\Java\jdk-16.0.2\bin\api-ms-win-crt-math-l1-1-0.dll
0x000007fedaa30000 - 0x000007fedaa33000 	C:\Program Files\Java\jdk-16.0.2\bin\api-ms-win-crt-locale-l1-1-0.dll
0x000007fefcf10000 - 0x000007fefcf3e000 	C:\Windows\system32\IMM32.DLL
0x000007fefcde0000 - 0x000007fefceeb000 	C:\Windows\system32\MSCTF.dll
0x000007fedaa20000 - 0x000007fedaa2c000 	C:\Program Files\Java\jdk-16.0.2\bin\vcruntime140_1.dll
0x000007feda850000 - 0x000007feda8e1000 	C:\Program Files\Java\jdk-16.0.2\bin\msvcp140.dll
0x000007fedaa10000 - 0x000007fedaa13000 	C:\Program Files\Java\jdk-16.0.2\bin\api-ms-win-crt-time-l1-1-0.dll
0x000007fedaa00000 - 0x000007fedaa03000 	C:\Program Files\Java\jdk-16.0.2\bin\api-ms-win-crt-utility-l1-1-0.dll
0x000007fed9ca0000 - 0x000007feda84b000 	C:\Program Files\Java\jdk-16.0.2\bin\server\jvm.dll
0x000007fef8d20000 - 0x000007fef8d29000 	C:\Windows\system32\WSOCK32.dll
0x000007fefdce0000 - 0x000007fefdd2d000 	C:\Windows\system32\WS2_32.dll
0x000007fefdcd0000 - 0x000007fefdcd8000 	C:\Windows\system32\NSI.dll
0x000007fef98d0000 - 0x000007fef990b000 	C:\Windows\system32\WINMM.dll
0x0000000076ff0000 - 0x0000000076ff7000 	C:\Windows\system32\PSAPI.DLL
0x000007feda9f0000 - 0x000007feda9fa000 	C:\Program Files\Java\jdk-16.0.2\bin\jimage.dll
0x000007fef4db0000 - 0x000007fef4ed5000 	C:\Windows\system32\DBGHELP.DLL
0x000007feef5b0000 - 0x000007feef5be000 	C:\Program Files\Java\jdk-16.0.2\bin\instrument.dll
0x000007fed9c40000 - 0x000007fed9c65000 	C:\Program Files\Java\jdk-16.0.2\bin\java.dll
0x000007fefcf40000 - 0x000007fefdccb000 	C:\Windows\system32\SHELL32.dll
0x000007fefed90000 - 0x000007fefef90000 	C:\Windows\system32\ole32.dll
0x000007fefc960000 - 0x000007fefc96f000 	C:\Windows\system32\profapi.dll
0x000007fed9c00000 - 0x000007fed9c18000 	C:\Program Files\Java\jdk-16.0.2\bin\zip.dll
0x000007fed9c80000 - 0x000007fed9c99000 	C:\Program Files\Java\jdk-16.0.2\bin\net.dll
0x000007fef8ca0000 - 0x000007fef8d11000 	C:\Windows\system32\WINHTTP.dll
0x000007fef8c30000 - 0x000007fef8c95000 	C:\Windows\system32\webio.dll
0x000007fefc070000 - 0x000007fefc0c5000 	C:\Windows\system32\mswsock.dll
0x000007fefc060000 - 0x000007fefc067000 	C:\Windows\System32\wship6.dll
0x000007fed9c20000 - 0x000007fed9c33000 	C:\Program Files\Java\jdk-16.0.2\bin\nio.dll
0x000007feef0c0000 - 0x000007feef0da000 	C:\Program Files\JetBrains\IntelliJ IDEA 2021.3.3\bin\breakgen64.dll

dbghelp: loaded successfully - version: 4.0.5 - missing functions: none
symbol engine: initialized successfully - sym options: 0x614 - pdb path: (cannot be retrieved)

VM Arguments:
jvm_args: -javaagent:C:\Program Files\JetBrains\IntelliJ IDEA 2021.3.3\lib\idea_rt.jar=57865:C:\Program Files\JetBrains\IntelliJ IDEA 2021.3.3\bin -Dfile.encoding=windows-1251 
java_command: MainKt
java_class_path (initial): C:\Users\ƒмитрий\Desktop\ExamBear\build\classes\kotlin\main;C:\Users\ƒмитрий\.gradle\caches\modules-2\files-2.1\org.jetbrains.kotlin\kotlin-stdlib-jdk8\1.5.10\3f4af7aff21c4ec46e3cdd645639d0a63a68d3d0\kotlin-stdlib-jdk8-1.5.10.jar;C:\Users\ƒмитрий\.gradle\caches\modules-2\files-2.1\org.apache.poi\poi-ooxml\5.2.3\2efd11c940adb18c03eb9ce7ad88fc40ee6a196\poi-ooxml-5.2.3.jar;C:\Users\ƒмитрий\.gradle\caches\modules-2\files-2.1\org.jetbrains.kotlin\kotlin-stdlib-jdk7\1.5.10\c49d0703d16c6cb1526cc07b9b46486da1dd8a60\kotlin-stdlib-jdk7-1.5.10.jar;C:\Users\ƒмитрий\.gradle\caches\modules-2\files-2.1\org.jetbrains.kotlin\kotlin-stdlib\1.5.10\da6a904b132f0402fa4d79169a3c1770598d4702\kotlin-stdlib-1.5.10.jar;C:\Users\ƒмитрий\.gradle\caches\modules-2\files-2.1\org.apache.poi\poi\5.2.3\2fb22ae74ad5aea6af1a9c64b9542f2ccf348604\poi-5.2.3.jar;C:\Users\ƒмитрий\.gradle\caches\modules-2\files-2.1\org.apache.poi\poi-ooxml-lite\5.2.3\db113c8e9051b0ff967f4911fa20336c8325a7c5\poi-ooxml-lite-5.2.3.jar;C:\Users\ƒмитрий\.gradle\caches\modules-2\files-2.1\org.apache.xmlbeans\xmlbeans\5.1.1\48a369df0eccb509d46203104e4df9cb00f0f68b\xmlbeans-5.1.1.jar;C:\Users\ƒмитрий\.gradle\caches\modules-2\files-2.1\org.apache.commons\commons-compress\1.21\4ec95b60d4e86b5c95a0e919cb172a0af98011ef\commons-compress-1.21.jar;C:\Users\ƒмитрий\.gradle\caches\modules-2\files-2.1\commons-io\commons-io\2.11.0\a2503f302b11ebde7ebc3df41daebe0e4eea3689\commons-io-2.11.0.jar;C:\Users\ƒмитрий\.gradle\caches\modules-2\files-2.1\com.github.virtuald\curvesapi\1.07\863654849995f9d4f0ed2ed1a3870da3a108473c\curvesapi-1.07.jar;C:\Users\ƒмитрий\.gradle\caches\modules-2\files-2.1\org.apache.logging.log4j\log4j-api\2.18.0\c72ad9b1d8d42e4ea7befd8248bf05877af4c63d\log4j-api-2.18.0.jar;C:\Users\ƒмитрий\.gradle\caches\modules-2\files-2.1\org.apache.commons\commons-collections4\4.4\62ebe7544cb7164d87e0637a2a6a2bdc981395e8\commons-collections4-4.4.jar;C:\Users\ƒмитрий\.gradle\caches\modules-2\files-2.1\org.jetbra
Launcher Type: SUN_STANDARD

[Global flags]
     intx CICompilerCount                          = 3                                         {product} {ergonomic}
     uint ConcGCThreads                            = 1                                         {product} {ergonomic}
     uint G1ConcRefinementThreads                  = 4                                         {product} {ergonomic}
   size_t G1HeapRegionSize                         = 1048576                                   {product} {ergonomic}
    uintx GCDrainStackTargetSize                   = 64                                        {product} {ergonomic}
   size_t InitialHeapSize                          = 67108864                                  {product} {ergonomic}
   size_t MarkStackSize                            = 4194304                                   {product} {ergonomic}
   size_t MaxHeapSize                              = 1073741824                                {product} {ergonomic}
   size_t MaxNewSize                               = 643825664                                 {product} {ergonomic}
   size_t MinHeapDeltaBytes                        = 1048576                                   {product} {ergonomic}
   size_t MinHeapSize                              = 8388608                                   {product} {ergonomic}
    uintx NonNMethodCodeHeapSize                   = 5832780                                {pd product} {ergonomic}
    uintx NonProfiledCodeHeapSize                  = 122912730                              {pd product} {ergonomic}
    uintx ProfiledCodeHeapSize                     = 122912730                              {pd product} {ergonomic}
    uintx ReservedCodeCacheSize                    = 251658240                              {pd product} {ergonomic}
     bool SegmentedCodeCache                       = true                                      {product} {ergonomic}
   size_t SoftMaxHeapSize                          = 1073741824                             {manageable} {ergonomic}
     bool UseCompressedClassPointers               = true                           {product lp64_product} {ergonomic}
     bool UseCompressedOops                        = true                           {product lp64_product} {ergonomic}
     bool UseG1GC                                  = true                                      {product} {ergonomic}
     bool UseLargePagesIndividualAllocation        = false                                  {pd product} {ergonomic}

Logging:
Log output configuration:
 #0: stdout all=warning uptime,level,tags
 #1: stderr all=off uptime,level,tags

Environment Variables:
PATH=C:\Program Files\Common Files\Oracle\Java\javapath;D:\Python\Scripts\;D:\Python\;C:\Windows\system32;C:\Windows;C:\Windows\System32\Wbem;C:\Windows\System32\WindowsPowerShell\v1.0\;C:\Program Files\swipl\bin;C:\Program Files\Git\cmd;C:\Program Files\Java\jdk-16.0.2\bin;C:\Program Files\JetBrains\IntelliJ IDEA 2021.3.3\bin;;C:\Users\ƒмитрий\AppData\Local\Programs\Microsoft VS Code\bin
USERNAME=ƒмитрий
OS=Windows_NT
PROCESSOR_IDENTIFIER=Intel64 Family 6 Model 23 Stepping 10, GenuineIntel



---------------  S Y S T E M  ---------------

OS:
 Windows 7 , 64 bit Build 7601 (6.1.7601.25682)
OS uptime: 0 days 8:18 hours

CPU: total 4 (initial active 4) (4 cores per cpu, 1 threads per core) family 6 model 23 stepping 10 microcode 0x0, cx8, cmov, fxsr, mmx, sse, sse2, sse3, ssse3, sse4.1, tsc, clflush

Memory: 4k page, system-wide physical 4094M (446M free)
TotalPageFile size 6140M (AvailPageFile size 5M)
current process WorkingSet (physical memory assigned to process): 161M, peak: 164M
current process commit charge ("private bytes"): 283M, peak: 284M

vm_info: Java HotSpot(TM) 64-Bit Server VM (16.0.2+7-67) for windows-amd64 JRE (16.0.2+7-67), built on Jun  8 2021 23:24:19 by "mach5one" with MS VC++ 16.7 (VS2019)

END.
