#
# There is insufficient memory for the Java Runtime Environment to continue.
# Native memory allocation (mmap) failed to map 115343360 bytes for G1 virtual space
# Possible reasons:
#   The system is out of physical RAM or swap space
#   The process is running with CompressedOops enabled, and the Java Heap may be blocking the growth of the native heap
# Possible solutions:
#   Reduce memory load on the system
#   Increase physical memory or swap space
#   Check if swap backing store is full
#   Decrease Java heap size (-Xmx/-Xms)
#   Decrease number of Java threads
#   Decrease Java thread stack sizes (-Xss)
#   Set larger code cache with -XX:ReservedCodeCacheSize=
#   JVM is running with Unscaled Compressed Oops mode in which the Java heap is
#     placed in the first 4GB address space. The Java Heap base address is the
#     maximum limit for the native heap growth. Please use -XX:HeapBaseMinAddress
#     to set the Java Heap base and to place the Java Heap above 4GB virtual address.
# This output file may be truncated or incomplete.
#
#  Out of Memory Error (os_windows.cpp:3466), pid=5308, tid=5388
#
# JRE version: Java(TM) SE Runtime Environment (16.0.2+7) (build 16.0.2+7-67)
# Java VM: Java HotSpot(TM) 64-Bit Server VM (16.0.2+7-67, mixed mode, sharing, tiered, compressed oops, compressed class ptrs, g1 gc, windows-amd64)
# No core dump will be written. Minidumps are not enabled by default on client versions of Windows
#

---------------  S U M M A R Y ------------

Command Line: -javaagent:C:\Program Files\JetBrains\IntelliJ IDEA 2021.3.3\lib\idea_rt.jar=57790:C:\Program Files\JetBrains\IntelliJ IDEA 2021.3.3\bin -Dfile.encoding=windows-1251 MainKt

Host: Intel(R) Xeon(R) CPU           E5450  @ 3.00GHz, 4 cores, 3G,  Windows 7 , 64 bit Build 7601 (6.1.7601.25682)
Time: Thu Jun  6 19:58:55 2024 –оманское врем€ (зима) elapsed time: 4.402700 seconds (0d 0h 0m 4s)

---------------  T H R E A D  ---------------

Current thread (0x000000001e27e310):  VMThread "VM Thread" [stack: 0x000000001e8e0000,0x000000001e9e0000] [id=5388]

Stack: [0x000000001e8e0000,0x000000001e9e0000]
Native frames: (J=compiled Java code, j=interpreted, Vv=VM code, C=native code)
V  [jvm.dll+0x6681ca]
V  [jvm.dll+0x7c9e69]
V  [jvm.dll+0x7cb61e]
V  [jvm.dll+0x7cbc73]
V  [jvm.dll+0x242c55]
V  [jvm.dll+0x664f89]
V  [jvm.dll+0x659b75]
V  [jvm.dll+0x2fbfbb]
V  [jvm.dll+0x3031b6]
V  [jvm.dll+0x35299e]
V  [jvm.dll+0x352bcf]
V  [jvm.dll+0x2d3028]
V  [jvm.dll+0x2d0bb5]
V  [jvm.dll+0x2d01ec]
V  [jvm.dll+0x3152d2]
V  [jvm.dll+0x7d00ab]
V  [jvm.dll+0x7d0da4]
V  [jvm.dll+0x7d12a9]
V  [jvm.dll+0x7d1564]
V  [jvm.dll+0x7d1630]
V  [jvm.dll+0x7795aa]
V  [jvm.dll+0x667066]
C  [ucrtbase.DLL+0x1d912]
C  [kernel32.dll+0x155dd]
C  [ntdll.dll+0x5295d]

VM_Operation (0x00000000022be1a0): G1CollectForAllocation, mode: safepoint, requested by thread 0x00000000002faee0


---------------  P R O C E S S  ---------------

Threads class SMR info:
_java_thread_list=0x00000000203c3880, length=13, elements={
0x00000000002faee0, 0x000000001e282220, 0x000000001e285bb0, 0x000000001e29a640,
0x000000001e29af50, 0x000000001e29c420, 0x000000001e29cd30, 0x000000001e29e9e0,
0x000000001e29ffa0, 0x000000001e2a08f0, 0x000000001e760090, 0x000000002033bb40,
0x00000000203c1060
}

Java Threads: ( => current thread )
  0x00000000002faee0 JavaThread "main" [_thread_blocked, id=3116, stack(0x00000000021c0000,0x00000000022c0000)]
  0x000000001e282220 JavaThread "Reference Handler" daemon [_thread_blocked, id=2652, stack(0x000000001ea80000,0x000000001eb80000)]
  0x000000001e285bb0 JavaThread "Finalizer" daemon [_thread_blocked, id=5748, stack(0x000000001f4b0000,0x000000001f5b0000)]
  0x000000001e29a640 JavaThread "Signal Dispatcher" daemon [_thread_blocked, id=4224, stack(0x000000001e330000,0x000000001e430000)]
  0x000000001e29af50 JavaThread "Attach Listener" daemon [_thread_blocked, id=3708, stack(0x000000001f650000,0x000000001f750000)]
  0x000000001e29c420 JavaThread "Service Thread" daemon [_thread_blocked, id=1140, stack(0x000000001f870000,0x000000001f970000)]
  0x000000001e29cd30 JavaThread "Monitor Deflation Thread" daemon [_thread_blocked, id=5400, stack(0x000000001fa70000,0x000000001fb70000)]
  0x000000001e29e9e0 JavaThread "C2 CompilerThread0" daemon [_thread_blocked, id=5732, stack(0x000000001fc60000,0x000000001fd60000)]
  0x000000001e29ffa0 JavaThread "C1 CompilerThread0" daemon [_thread_blocked, id=5532, stack(0x000000001fe40000,0x000000001ff40000)]
  0x000000001e2a08f0 JavaThread "Sweeper thread" daemon [_thread_blocked, id=3436, stack(0x0000000020020000,0x0000000020120000)]
  0x000000001e760090 JavaThread "Common-Cleaner" daemon [_thread_blocked, id=4016, stack(0x0000000020180000,0x0000000020280000)]
  0x000000002033bb40 JavaThread "Monitor Ctrl-Break" daemon [_thread_in_native, id=3672, stack(0x0000000020770000,0x0000000020870000)]
  0x00000000203c1060 JavaThread "Notification Thread" daemon [_thread_blocked, id=5568, stack(0x0000000020900000,0x0000000020a00000)]

Other Threads:
=>0x000000001e27e310 VMThread "VM Thread" [stack: 0x000000001e8e0000,0x000000001e9e0000] [id=5388]
  0x0000000020316f30 WatcherThread [stack: 0x0000000020af0000,0x0000000020bf0000] [id=6008]
  0x000000000032de80 GCTaskThread "GC Thread#0" [stack: 0x000000001ba00000,0x000000001bb00000] [id=4988]
  0x000000002067abd0 GCTaskThread "GC Thread#1" [stack: 0x0000000021570000,0x0000000021670000] [id=5016]
  0x0000000020f83a20 GCTaskThread "GC Thread#2" [stack: 0x0000000021760000,0x0000000021860000] [id=3004]
  0x0000000020c80640 GCTaskThread "GC Thread#3" [stack: 0x0000000021950000,0x0000000021a50000] [id=5656]
  0x0000000000339990 ConcurrentGCThread "G1 Main Marker" [stack: 0x000000001bba0000,0x000000001bca0000] [id=3576]
  0x000000000033a310 ConcurrentGCThread "G1 Conc#0" [stack: 0x000000001bd80000,0x000000001be80000] [id=2204]
  0x0000000000376700 ConcurrentGCThread "G1 Refine#0" [stack: 0x000000001e490000,0x000000001e590000] [id=4824]
  0x000000002036a180 ConcurrentGCThread "G1 Refine#1" [stack: 0x0000000021440000,0x0000000021540000] [id=5768]
  0x00000000212efd70 ConcurrentGCThread "G1 Refine#2" [stack: 0x000000001f970000,0x000000001fa70000] [id=4184]
  0x0000000021fab2d0 ConcurrentGCThread "G1 Refine#3" [stack: 0x00000000244a0000,0x00000000245a0000] [id=3944]
  0x000000001e1c01e0 ConcurrentGCThread "G1 Service" [stack: 0x000000001e5e0000,0x000000001e6e0000] [id=4164]

Threads with active compile tasks:
C2 CompilerThread0     4462 2224       4       com.sun.org.apache.xerces.internal.util.XMLAttributesImpl::getValue (69 bytes)

VM state: at safepoint (normal execution)

VM Mutex/Monitor currently owned by a thread:  ([mutex/lock_event])
[0x00000000002f59a0] Threads_lock - owner thread: 0x000000001e27e310
[0x00000000002f5fd0] Heap_lock - owner thread: 0x00000000002faee0

Heap address: 0x00000000c0000000, size: 1024 MB, Compressed Oops mode: 32-bit

CDS archive(s) mapped at: [0x0000000800000000-0x0000000800bb0000-0x0000000800bb0000), size 12255232, SharedBaseAddress: 0x0000000800000000, ArchiveRelocationMode: 0.
Compressed class space mapped at: 0x0000000800c00000-0x0000000840c00000, reserved size: 1073741824
Narrow klass base: 0x0000000800000000, Narrow klass shift: 3, Narrow klass range: 0x100000000

GC Precious Log:
 CPUs: 4 total, 4 available
 Memory: 4094M
 Large Page Support: Disabled
 NUMA Support: Disabled
 Compressed Oops: Enabled (32-bit)
 Heap Region Size: 1M
 Heap Min Capacity: 8M
 Heap Initial Capacity: 64M
 Heap Max Capacity: 1G
 Pre-touch: Disabled
 Parallel Workers: 4
 Concurrent Workers: 1
 Concurrent Refinement Workers: 4
 Periodic GC: Disabled

Heap:
 garbage-first heap   total 89088K, used 66048K [0x00000000c0000000, 0x0000000100000000)
  region size 1024K, 2 young (2048K), 2 survivors (2048K)
 Metaspace       used 11869K, committed 12160K, reserved 1064960K
  class space    used 1267K, committed 1408K, reserved 1048576K

Heap Regions: E=young(eden), S=young(survivor), O=old, HS=humongous(starts), HC=humongous(continues), CS=collection set, F=free, OA=open archive, CA=closed archive, TAMS=top-at-mark-start (previous, next)
|   0|0x00000000c0000000, 0x00000000c0100000, 0x00000000c0100000|100%| O|  |TAMS 0x00000000c0000000, 0x00000000c0100000| Untracked 
|   1|0x00000000c0100000, 0x00000000c0200000, 0x00000000c0200000|100%|HS|  |TAMS 0x00000000c0100000, 0x00000000c0200000| Complete 
|   2|0x00000000c0200000, 0x00000000c0300000, 0x00000000c0300000|100%| O|  |TAMS 0x00000000c0200000, 0x00000000c0300000| Untracked 
|   3|0x00000000c0300000, 0x00000000c0400000, 0x00000000c0400000|100%| O|  |TAMS 0x00000000c0300000, 0x00000000c0400000| Untracked 
|   4|0x00000000c0400000, 0x00000000c0500000, 0x00000000c0500000|100%| O|  |TAMS 0x00000000c0400000, 0x00000000c0500000| Untracked 
|   5|0x00000000c0500000, 0x00000000c0600000, 0x00000000c0600000|100%| O|  |TAMS 0x00000000c0500000, 0x00000000c0600000| Untracked 
|   6|0x00000000c0600000, 0x00000000c0700000, 0x00000000c0700000|100%| O|  |TAMS 0x00000000c0600000, 0x00000000c0700000| Untracked 
|   7|0x00000000c0700000, 0x00000000c0800000, 0x00000000c0800000|100%| O|  |TAMS 0x00000000c0700000, 0x00000000c0800000| Untracked 
|   8|0x00000000c0800000, 0x00000000c0900000, 0x00000000c0900000|100%|HS|  |TAMS 0x00000000c0800000, 0x00000000c0900000| Complete 
|   9|0x00000000c0900000, 0x00000000c0a00000, 0x00000000c0a00000|100%|HC|  |TAMS 0x00000000c0900000, 0x00000000c0a00000| Complete 
|  10|0x00000000c0a00000, 0x00000000c0b00000, 0x00000000c0b00000|100%|HC|  |TAMS 0x00000000c0a00000, 0x00000000c0b00000| Complete 
|  11|0x00000000c0b00000, 0x00000000c0c00000, 0x00000000c0c00000|100%| O|  |TAMS 0x00000000c0b00000, 0x00000000c0c00000| Untracked 
|  12|0x00000000c0c00000, 0x00000000c0d00000, 0x00000000c0d00000|100%| O|  |TAMS 0x00000000c0c00000, 0x00000000c0d00000| Untracked 
|  13|0x00000000c0d00000, 0x00000000c0e00000, 0x00000000c0e00000|100%| O|  |TAMS 0x00000000c0d00000, 0x00000000c0e00000| Untracked 
|  14|0x00000000c0e00000, 0x00000000c0f00000, 0x00000000c0f00000|100%| O|  |TAMS 0x00000000c0e00000, 0x00000000c0f00000| Untracked 
|  15|0x00000000c0f00000, 0x00000000c1000000, 0x00000000c1000000|100%| O|  |TAMS 0x00000000c0f00000, 0x00000000c1000000| Untracked 
|  16|0x00000000c1000000, 0x00000000c1100000, 0x00000000c1100000|100%| O|  |TAMS 0x00000000c1000000, 0x00000000c1100000| Untracked 
|  17|0x00000000c1100000, 0x00000000c1200000, 0x00000000c1200000|100%| O|  |TAMS 0x00000000c1100000, 0x00000000c1200000| Untracked 
|  18|0x00000000c1200000, 0x00000000c1300000, 0x00000000c1300000|100%| O|  |TAMS 0x00000000c1200000, 0x00000000c1300000| Untracked 
|  19|0x00000000c1300000, 0x00000000c1400000, 0x00000000c1400000|100%| O|  |TAMS 0x00000000c1300000, 0x00000000c1400000| Untracked 
|  20|0x00000000c1400000, 0x00000000c1500000, 0x00000000c1500000|100%| O|  |TAMS 0x00000000c1400000, 0x00000000c1500000| Untracked 
|  21|0x00000000c1500000, 0x00000000c1600000, 0x00000000c1600000|100%| O|  |TAMS 0x00000000c1500000, 0x00000000c1600000| Untracked 
|  22|0x00000000c1600000, 0x00000000c1700000, 0x00000000c1700000|100%| O|  |TAMS 0x00000000c1600000, 0x00000000c1700000| Untracked 
|  23|0x00000000c1700000, 0x00000000c1800000, 0x00000000c1800000|100%| O|  |TAMS 0x00000000c1700000, 0x00000000c1800000| Untracked 
|  24|0x00000000c1800000, 0x00000000c1900000, 0x00000000c1900000|100%| O|  |TAMS 0x00000000c1800000, 0x00000000c1900000| Untracked 
|  25|0x00000000c1900000, 0x00000000c1a00000, 0x00000000c1a00000|100%| O|  |TAMS 0x00000000c1900000, 0x00000000c1a00000| Untracked 
|  26|0x00000000c1a00000, 0x00000000c1b00000, 0x00000000c1b00000|100%| O|  |TAMS 0x00000000c1a00000, 0x00000000c1b00000| Untracked 
|  27|0x00000000c1b00000, 0x00000000c1c00000, 0x00000000c1c00000|100%| O|  |TAMS 0x00000000c1b00000, 0x00000000c1c00000| Untracked 
|  28|0x00000000c1c00000, 0x00000000c1d00000, 0x00000000c1d00000|100%| O|  |TAMS 0x00000000c1c00000, 0x00000000c1d00000| Untracked 
|  29|0x00000000c1d00000, 0x00000000c1e00000, 0x00000000c1e00000|100%| O|  |TAMS 0x00000000c1d00000, 0x00000000c1e00000| Untracked 
|  30|0x00000000c1e00000, 0x00000000c1f00000, 0x00000000c1f00000|100%| O|  |TAMS 0x00000000c1e00000, 0x00000000c1f00000| Untracked 
|  31|0x00000000c1f00000, 0x00000000c2000000, 0x00000000c2000000|100%| O|  |TAMS 0x00000000c1f00000, 0x00000000c2000000| Untracked 
|  32|0x00000000c2000000, 0x00000000c2100000, 0x00000000c2100000|100%| O|  |TAMS 0x00000000c2000000, 0x00000000c2100000| Untracked 
|  33|0x00000000c2100000, 0x00000000c2200000, 0x00000000c2200000|100%| O|  |TAMS 0x00000000c2100000, 0x00000000c2200000| Untracked 
|  34|0x00000000c2200000, 0x00000000c2300000, 0x00000000c2300000|100%| O|  |TAMS 0x00000000c2200000, 0x00000000c2300000| Untracked 
|  35|0x00000000c2300000, 0x00000000c2400000, 0x00000000c2400000|100%| O|  |TAMS 0x00000000c2300000, 0x00000000c2400000| Untracked 
|  36|0x00000000c2400000, 0x00000000c2500000, 0x00000000c2500000|100%| O|  |TAMS 0x00000000c2400000, 0x00000000c2500000| Untracked 
|  37|0x00000000c2500000, 0x00000000c2600000, 0x00000000c2600000|100%| O|  |TAMS 0x00000000c2500000, 0x00000000c2600000| Untracked 
|  38|0x00000000c2600000, 0x00000000c2700000, 0x00000000c2700000|100%| O|  |TAMS 0x00000000c2600000, 0x00000000c2700000| Untracked 
|  39|0x00000000c2700000, 0x00000000c2800000, 0x00000000c2800000|100%| O|  |TAMS 0x00000000c2700000, 0x00000000c2800000| Untracked 
|  40|0x00000000c2800000, 0x00000000c2900000, 0x00000000c2900000|100%| O|  |TAMS 0x00000000c2800000, 0x00000000c2900000| Untracked 
|  41|0x00000000c2900000, 0x00000000c2a00000, 0x00000000c2a00000|100%| O|  |TAMS 0x00000000c2900000, 0x00000000c2a00000| Untracked 
|  42|0x00000000c2a00000, 0x00000000c2b00000, 0x00000000c2b00000|100%| O|  |TAMS 0x00000000c2a00000, 0x00000000c2b00000| Untracked 
|  43|0x00000000c2b00000, 0x00000000c2c00000, 0x00000000c2c00000|100%| O|  |TAMS 0x00000000c2b00000, 0x00000000c2c00000| Untracked 
|  44|0x00000000c2c00000, 0x00000000c2d00000, 0x00000000c2d00000|100%| O|  |TAMS 0x00000000c2c00000, 0x00000000c2d00000| Untracked 
|  45|0x00000000c2d00000, 0x00000000c2e00000, 0x00000000c2e00000|100%| O|  |TAMS 0x00000000c2d00000, 0x00000000c2e00000| Untracked 
|  46|0x00000000c2e00000, 0x00000000c2f00000, 0x00000000c2f00000|100%| O|  |TAMS 0x00000000c2e00000, 0x00000000c2f00000| Untracked 
|  47|0x00000000c2f00000, 0x00000000c3000000, 0x00000000c3000000|100%| O|  |TAMS 0x00000000c2f00000, 0x00000000c2f80000| Untracked 
|  48|0x00000000c3000000, 0x00000000c3100000, 0x00000000c3100000|100%| O|  |TAMS 0x00000000c3000000, 0x00000000c3000000| Untracked 
|  49|0x00000000c3100000, 0x00000000c3200000, 0x00000000c3200000|100%| O|  |TAMS 0x00000000c3100000, 0x00000000c3100000| Untracked 
|  50|0x00000000c3200000, 0x00000000c3300000, 0x00000000c3300000|100%| O|  |TAMS 0x00000000c3200000, 0x00000000c3200000| Untracked 
|  51|0x00000000c3300000, 0x00000000c3400000, 0x00000000c3400000|100%| O|  |TAMS 0x00000000c3300000, 0x00000000c3300000| Untracked 
|  52|0x00000000c3400000, 0x00000000c3500000, 0x00000000c3500000|100%| O|  |TAMS 0x00000000c3400000, 0x00000000c3400000| Untracked 
|  53|0x00000000c3500000, 0x00000000c3600000, 0x00000000c3600000|100%| O|  |TAMS 0x00000000c3500000, 0x00000000c3500000| Untracked 
|  54|0x00000000c3600000, 0x00000000c3700000, 0x00000000c3700000|100%| O|  |TAMS 0x00000000c3600000, 0x00000000c3600000| Untracked 
|  55|0x00000000c3700000, 0x00000000c3800000, 0x00000000c3800000|100%| O|  |TAMS 0x00000000c3700000, 0x00000000c3700000| Untracked 
|  56|0x00000000c3800000, 0x00000000c3900000, 0x00000000c3900000|100%| O|  |TAMS 0x00000000c3800000, 0x00000000c3800000| Untracked 
|  57|0x00000000c3900000, 0x00000000c3a00000, 0x00000000c3a00000|100%| O|  |TAMS 0x00000000c3900000, 0x00000000c3900000| Untracked 
|  58|0x00000000c3a00000, 0x00000000c3b00000, 0x00000000c3b00000|100%| O|  |TAMS 0x00000000c3a00000, 0x00000000c3a00000| Untracked 
|  59|0x00000000c3b00000, 0x00000000c3c00000, 0x00000000c3c00000|100%| O|  |TAMS 0x00000000c3b00000, 0x00000000c3b00000| Untracked 
|  60|0x00000000c3c00000, 0x00000000c3d00000, 0x00000000c3d00000|100%| O|  |TAMS 0x00000000c3c00000, 0x00000000c3c00000| Untracked 
|  61|0x00000000c3d00000, 0x00000000c3e00000, 0x00000000c3e00000|100%| O|  |TAMS 0x00000000c3d00000, 0x00000000c3d00000| Untracked 
|  62|0x00000000c3e00000, 0x00000000c3e80000, 0x00000000c3f00000| 50%| O|  |TAMS 0x00000000c3e00000, 0x00000000c3e00000| Untracked 
|  63|0x00000000c3f00000, 0x00000000c3f00000, 0x00000000c4000000|  0%| F|  |TAMS 0x00000000c3f00000, 0x00000000c3f00000| Untracked 
|  64|0x00000000c4000000, 0x00000000c4000000, 0x00000000c4100000|  0%| F|  |TAMS 0x00000000c4000000, 0x00000000c4000000| Untracked 
|  65|0x00000000c4100000, 0x00000000c4100000, 0x00000000c4200000|  0%| F|  |TAMS 0x00000000c4100000, 0x00000000c4100000| Untracked 
|  66|0x00000000c4200000, 0x00000000c4200000, 0x00000000c4300000|  0%| F|  |TAMS 0x00000000c4200000, 0x00000000c4200000| Untracked 
|  67|0x00000000c4300000, 0x00000000c4300000, 0x00000000c4400000|  0%| F|  |TAMS 0x00000000c4300000, 0x00000000c4300000| Untracked 
|  68|0x00000000c4400000, 0x00000000c4400000, 0x00000000c4500000|  0%| F|  |TAMS 0x00000000c4400000, 0x00000000c4400000| Untracked 
|  69|0x00000000c4500000, 0x00000000c4500000, 0x00000000c4600000|  0%| F|  |TAMS 0x00000000c4500000, 0x00000000c4500000| Untracked 
|  70|0x00000000c4600000, 0x00000000c4600000, 0x00000000c4700000|  0%| F|  |TAMS 0x00000000c4600000, 0x00000000c4600000| Untracked 
|  71|0x00000000c4700000, 0x00000000c4700000, 0x00000000c4800000|  0%| F|  |TAMS 0x00000000c4700000, 0x00000000c4700000| Untracked 
|  72|0x00000000c4800000, 0x00000000c4800000, 0x00000000c4900000|  0%| F|  |TAMS 0x00000000c4800000, 0x00000000c4800000| Untracked 
|  73|0x00000000c4900000, 0x00000000c4900000, 0x00000000c4a00000|  0%| F|  |TAMS 0x00000000c4900000, 0x00000000c4900000| Untracked 
|  74|0x00000000c4a00000, 0x00000000c4a00000, 0x00000000c4b00000|  0%| F|  |TAMS 0x00000000c4a00000, 0x00000000c4a00000| Untracked 
|  75|0x00000000c4b00000, 0x00000000c4b00000, 0x00000000c4c00000|  0%| F|  |TAMS 0x00000000c4b00000, 0x00000000c4b00000| Untracked 
|  76|0x00000000c4c00000, 0x00000000c4c00000, 0x00000000c4d00000|  0%| F|  |TAMS 0x00000000c4c00000, 0x00000000c4c00000| Untracked 
|  77|0x00000000c4d00000, 0x00000000c4d00000, 0x00000000c4e00000|  0%| F|  |TAMS 0x00000000c4d00000, 0x00000000c4d00000| Untracked 
|  78|0x00000000c4e00000, 0x00000000c4f00000, 0x00000000c4f00000|100%| S|CS|TAMS 0x00000000c4e00000, 0x00000000c4e00000| Complete 
|  79|0x00000000c4f00000, 0x00000000c5000000, 0x00000000c5000000|100%| S|CS|TAMS 0x00000000c4f00000, 0x00000000c4f00000| Complete 
|  80|0x00000000c5000000, 0x00000000c5000000, 0x00000000c5100000|  0%| F|  |TAMS 0x00000000c5000000, 0x00000000c5000000| Untracked 
|  81|0x00000000c5100000, 0x00000000c5100000, 0x00000000c5200000|  0%| F|  |TAMS 0x00000000c5100000, 0x00000000c5100000| Untracked 
|  82|0x00000000c5200000, 0x00000000c5200000, 0x00000000c5300000|  0%| F|  |TAMS 0x00000000c5200000, 0x00000000c5200000| Untracked 
|  83|0x00000000c5300000, 0x00000000c5300000, 0x00000000c5400000|  0%| F|  |TAMS 0x00000000c5300000, 0x00000000c5300000| Untracked 
|  84|0x00000000c5400000, 0x00000000c5400000, 0x00000000c5500000|  0%| F|  |TAMS 0x00000000c5400000, 0x00000000c5400000| Untracked 
|  85|0x00000000c5500000, 0x00000000c5500000, 0x00000000c5600000|  0%| F|  |TAMS 0x00000000c5500000, 0x00000000c5500000| Untracked 
|  86|0x00000000c5600000, 0x00000000c5600000, 0x00000000c5700000|  0%| F|  |TAMS 0x00000000c5600000, 0x00000000c5600000| Untracked 

Card table byte_map: [0x00000000194d0000,0x00000000196d0000] _byte_map_base: 0x0000000018ed0000

Marking Bits (Prev, Next): (CMBitMap*) 0x0000000000330400, (CMBitMap*) 0x0000000000330440
 Prev Bits: [0x00000000198d0000, 0x000000001a8d0000)
 Next Bits: [0x000000001a8d0000, 0x000000001b8d0000)

Polling page: 0x0000000000230000

Metaspace:

Usage:
  Non-class:     10.35 MB used.
      Class:      1.24 MB used.
       Both:     11.59 MB used.

Virtual space:
  Non-class space:       16.00 MB reserved,      10.50 MB ( 66%) committed,  2 nodes.
      Class space:        1.00 GB reserved,       1.38 MB ( <1%) committed,  1 nodes.
              Both:        1.02 GB reserved,      11.88 MB (  1%) committed. 

Chunk freelists:
   Non-Class:  684.00 KB
       Class:  2.54 MB
        Both:  3.21 MB

MaxMetaspaceSize: 17179869184.00 GB
CompressedClassSpaceSize: 1.00 GB
 - commit_granule_bytes: 65536.
 - commit_granule_words: 8192.
 - virtual_space_node_default_size: 1048576.
 - enlarge_chunks_in_place: 1.
 - new_chunks_are_fully_committed: 0.
 - uncommit_free_chunks: 1.
 - use_allocation_guard: 0.
 - handle_deallocations: 1.


Internal statistics:

num_allocs_failed_limit: 0.
num_arena_births: 152.
num_arena_deaths: 0.
num_vsnodes_births: 3.
num_vsnodes_deaths: 0.
num_space_committed: 190.
num_space_uncommitted: 0.
num_chunks_returned_to_freelist: 0.
num_chunks_taken_from_freelist: 538.
num_chunk_merges: 0.
num_chunk_splits: 344.
num_chunks_enlarged: 230.
num_purges: 0.

CodeHeap 'non-profiled nmethods': size=120000Kb used=972Kb max_used=972Kb free=119027Kb
 bounds [0x0000000011870000, 0x0000000011ae0000, 0x0000000018da0000]
CodeHeap 'profiled nmethods': size=120000Kb used=4681Kb max_used=4681Kb free=115319Kb
 bounds [0x000000000a340000, 0x000000000a7e0000, 0x0000000011870000]
CodeHeap 'non-nmethods': size=5760Kb used=1205Kb max_used=1241Kb free=4554Kb
 bounds [0x0000000009da0000, 0x000000000a010000, 0x000000000a340000]
 total_blobs=2880 nmethods=2379 adapters=414
 compilation: enabled
              stopped_count=0, restarted_count=0
 full_count=0

Compilation events (20 events):
Event: 4.316 Thread 0x000000001e29e9e0 nmethod 2229 0x000000001195e990 code [0x000000001195eb40, 0x000000001195f3b8]
Event: 4.316 Thread 0x000000001e29e9e0 2214       4       java.lang.CharacterDataLatin1::digit (32 bytes)
Event: 4.342 Thread 0x000000001e29e9e0 nmethod 2214 0x000000001195f890 code [0x000000001195fa20, 0x000000001195faf8]
Event: 4.342 Thread 0x000000001e29e9e0 2195       4       javax.xml.namespace.QName::hashCode (16 bytes)
Event: 4.349 Thread 0x000000001e29e9e0 nmethod 2195 0x000000001195fb90 code [0x000000001195fd40, 0x00000000119601d8]
Event: 4.349 Thread 0x000000001e29e9e0 2266       4       java.lang.ThreadLocal::get (38 bytes)
Event: 4.351 Thread 0x000000001e29e9e0 nmethod 2266 0x0000000011960490 code [0x0000000011960620, 0x0000000011960758]
Event: 4.351 Thread 0x000000001e29e9e0 2268       4       java.lang.ThreadLocal$ThreadLocalMap::getEntry (42 bytes)
Event: 4.352 Thread 0x000000001e29e9e0 nmethod 2268 0x0000000011960910 code [0x0000000011960aa0, 0x0000000011960ba8]
Event: 4.352 Thread 0x000000001e29e9e0 2269       4       org.apache.xmlbeans.impl.values.XmlObjectBase::initComplexType (33 bytes)
Event: 4.352 Thread 0x000000001e29e9e0 nmethod 2269 0x0000000011960d10 code [0x0000000011960e80, 0x0000000011960f18]
Event: 4.352 Thread 0x000000001e29e9e0 2234       4       org.apache.xmlbeans.impl.store.Cur$CurLoadContext::text (187 bytes)
Event: 4.357 Thread 0x000000001e29e9e0 nmethod 2234 0x0000000011961010 code [0x00000000119611c0, 0x00000000119616b8]
Event: 4.357 Thread 0x000000001e29e9e0 2037       4       org.apache.xmlbeans.impl.store.Xobj::isAttr (14 bytes)
Event: 4.357 Thread 0x000000001e29e9e0 nmethod 2037 0x0000000011961890 code [0x0000000011961a00, 0x0000000011961a98]
Event: 4.357 Thread 0x000000001e29e9e0 2227       4       com.sun.org.apache.xerces.internal.xni.XMLString::toString (32 bytes)
Event: 4.364 Thread 0x000000001e29e9e0 nmethod 2227 0x0000000011961b90 code [0x0000000011961d40, 0x00000000119622d8]
Event: 4.364 Thread 0x000000001e29e9e0 2433 %     4       com.sun.org.apache.xerces.internal.impl.XMLDocumentFragmentScannerImpl::scanDocument @ 13 (346 bytes)
Event: 4.373 Thread 0x000000001e29e9e0 nmethod 2433% 0x0000000011962610 code [0x0000000011962820, 0x0000000011962de0]
Event: 4.373 Thread 0x000000001e29e9e0 2224       4       com.sun.org.apache.xerces.internal.util.XMLAttributesImpl::getValue (69 bytes)

GC Heap History (19 events):
Event: 0.880 GC heap before
{Heap before GC invocations=0 (full 0):
 garbage-first heap   total 65536K, used 14336K [0x00000000c0000000, 0x0000000100000000)
  region size 1024K, 13 young (13312K), 0 survivors (0K)
 Metaspace       used 3256K, committed 3392K, reserved 1056768K
  class space    used 305K, committed 384K, reserved 1048576K
}
Event: 0.888 GC heap after
{Heap after GC invocations=1 (full 0):
 garbage-first heap   total 65536K, used 5555K [0x00000000c0000000, 0x0000000100000000)
  region size 1024K, 2 young (2048K), 2 survivors (2048K)
 Metaspace       used 3256K, committed 3392K, reserved 1056768K
  class space    used 305K, committed 384K, reserved 1048576K
}
Event: 1.505 GC heap before
{Heap before GC invocations=1 (full 0):
 garbage-first heap   total 65536K, used 21939K [0x00000000c0000000, 0x0000000100000000)
  region size 1024K, 13 young (13312K), 2 survivors (2048K)
 Metaspace       used 7133K, committed 7296K, reserved 1056768K
  class space    used 700K, committed 768K, reserved 1048576K
}
Event: 1.512 GC heap after
{Heap after GC invocations=2 (full 0):
 garbage-first heap   total 65536K, used 10997K [0x00000000c0000000, 0x0000000100000000)
  region size 1024K, 2 young (2048K), 2 survivors (2048K)
 Metaspace       used 7133K, committed 7296K, reserved 1056768K
  class space    used 700K, committed 768K, reserved 1048576K
}
Event: 1.896 GC heap before
{Heap before GC invocations=2 (full 0):
 garbage-first heap   total 65536K, used 29429K [0x00000000c0000000, 0x0000000100000000)
  region size 1024K, 20 young (20480K), 2 survivors (2048K)
 Metaspace       used 8609K, committed 8832K, reserved 1056768K
  class space    used 887K, committed 1024K, reserved 1048576K
}
Event: 1.902 GC heap after
{Heap after GC invocations=3 (full 0):
 garbage-first heap   total 65536K, used 11758K [0x00000000c0000000, 0x0000000100000000)
  region size 1024K, 1 young (1024K), 1 survivors (1024K)
 Metaspace       used 8609K, committed 8832K, reserved 1056768K
  class space    used 887K, committed 1024K, reserved 1048576K
}
Event: 2.169 GC heap before
{Heap before GC invocations=3 (full 0):
 garbage-first heap   total 65536K, used 43502K [0x00000000c0000000, 0x0000000100000000)
  region size 1024K, 32 young (32768K), 1 survivors (1024K)
 Metaspace       used 9546K, committed 9792K, reserved 1064960K
  class space    used 1008K, committed 1152K, reserved 1048576K
}
Event: 2.179 GC heap after
{Heap after GC invocations=4 (full 0):
 garbage-first heap   total 65536K, used 14009K [0x00000000c0000000, 0x0000000100000000)
  region size 1024K, 3 young (3072K), 3 survivors (3072K)
 Metaspace       used 9546K, committed 9792K, reserved 1064960K
  class space    used 1008K, committed 1152K, reserved 1048576K
}
Event: 3.057 GC heap before
{Heap before GC invocations=4 (full 0):
 garbage-first heap   total 65536K, used 46777K [0x00000000c0000000, 0x0000000100000000)
  region size 1024K, 35 young (35840K), 3 survivors (3072K)
 Metaspace       used 11763K, committed 12032K, reserved 1064960K
  class space    used 1266K, committed 1408K, reserved 1048576K
}
Event: 3.143 GC heap after
{Heap after GC invocations=5 (full 0):
 garbage-first heap   total 65536K, used 26416K [0x00000000c0000000, 0x0000000100000000)
  region size 1024K, 5 young (5120K), 5 survivors (5120K)
 Metaspace       used 11763K, committed 12032K, reserved 1064960K
  class space    used 1266K, committed 1408K, reserved 1048576K
}
Event: 3.574 GC heap before
{Heap before GC invocations=5 (full 0):
 garbage-first heap   total 65536K, used 42800K [0x00000000c0000000, 0x0000000100000000)
  region size 1024K, 21 young (21504K), 5 survivors (5120K)
 Metaspace       used 11765K, committed 12032K, reserved 1064960K
  class space    used 1266K, committed 1408K, reserved 1048576K
}
Event: 3.624 GC heap after
{Heap after GC invocations=6 (full 0):
 garbage-first heap   total 89088K, used 33280K [0x00000000c0000000, 0x0000000100000000)
  region size 1024K, 3 young (3072K), 3 survivors (3072K)
 Metaspace       used 11765K, committed 12032K, reserved 1064960K
  class space    used 1266K, committed 1408K, reserved 1048576K
}
Event: 4.018 GC heap before
{Heap before GC invocations=6 (full 0):
 garbage-first heap   total 89088K, used 55808K [0x00000000c0000000, 0x0000000100000000)
  region size 1024K, 25 young (25600K), 3 survivors (3072K)
 Metaspace       used 11806K, committed 12096K, reserved 1064960K
  class space    used 1266K, committed 1408K, reserved 1048576K
}
Event: 4.050 GC heap after
{Heap after GC invocations=7 (full 0):
 garbage-first heap   total 89088K, used 41984K [0x00000000c0000000, 0x0000000100000000)
  region size 1024K, 4 young (4096K), 4 survivors (4096K)
 Metaspace       used 11806K, committed 12096K, reserved 1064960K
  class space    used 1266K, committed 1408K, reserved 1048576K
}
Event: 4.222 GC heap before
{Heap before GC invocations=7 (full 0):
 garbage-first heap   total 89088K, used 60416K [0x00000000c0000000, 0x0000000100000000)
  region size 1024K, 22 young (22528K), 4 survivors (4096K)
 Metaspace       used 11869K, committed 12160K, reserved 1064960K
  class space    used 1267K, committed 1408K, reserved 1048576K
}
Event: 4.263 GC heap after
{Heap after GC invocations=8 (full 0):
 garbage-first heap   total 89088K, used 51712K [0x00000000c0000000, 0x0000000100000000)
  region size 1024K, 3 young (3072K), 3 survivors (3072K)
 Metaspace       used 11869K, committed 12160K, reserved 1064960K
  class space    used 1267K, committed 1408K, reserved 1048576K
}
Event: 4.317 GC heap before
{Heap before GC invocations=8 (full 0):
 garbage-first heap   total 89088K, used 64000K [0x00000000c0000000, 0x0000000100000000)
  region size 1024K, 15 young (15360K), 3 survivors (3072K)
 Metaspace       used 11869K, committed 12160K, reserved 1064960K
  class space    used 1267K, committed 1408K, reserved 1048576K
}
Event: 4.341 GC heap after
{Heap after GC invocations=9 (full 0):
 garbage-first heap   total 89088K, used 60928K [0x00000000c0000000, 0x0000000100000000)
  region size 1024K, 2 young (2048K), 2 survivors (2048K)
 Metaspace       used 11869K, committed 12160K, reserved 1064960K
  class space    used 1267K, committed 1408K, reserved 1048576K
}
Event: 4.378 GC heap before
{Heap before GC invocations=9 (full 0):
 garbage-first heap   total 89088K, used 68096K [0x00000000c0000000, 0x0000000100000000)
  region size 1024K, 9 young (9216K), 2 survivors (2048K)
 Metaspace       used 11869K, committed 12160K, reserved 1064960K
  class space    used 1267K, committed 1408K, reserved 1048576K
}

Deoptimization events (20 events):
Event: 2.493 Thread 0x00000000002faee0 DEOPT PACKING pc=0x000000000a57c3fe sp=0x00000000022bdf60
Event: 2.493 Thread 0x00000000002faee0 DEOPT UNPACKING pc=0x0000000009dedeaf sp=0x00000000022bd400 mode 0
Event: 2.635 Thread 0x00000000002faee0 Uncommon trap: trap_request=0xffffff45 fr.pc=0x00000000119121c8 relative=0x0000000000000128
Event: 2.635 Thread 0x00000000002faee0 Uncommon trap: reason=unstable_if action=reinterpret pc=0x00000000119121c8 method=org.apache.xmlbeans.impl.store.Cur.moveToNoCheck(Lorg/apache/xmlbeans/impl/store/Xobj;I)V @ 5 c2
Event: 2.635 Thread 0x00000000002faee0 DEOPT PACKING pc=0x00000000119121c8 sp=0x00000000022be4d0
Event: 2.635 Thread 0x00000000002faee0 DEOPT UNPACKING pc=0x0000000009ded728 sp=0x00000000022be410 mode 2
Event: 2.635 Thread 0x00000000002faee0 Uncommon trap: trap_request=0xffffff45 fr.pc=0x0000000011911e44 relative=0x0000000000000124
Event: 2.635 Thread 0x00000000002faee0 Uncommon trap: reason=unstable_if action=reinterpret pc=0x0000000011911e44 method=org.apache.xmlbeans.impl.store.Cur.moveToNoCheck(Lorg/apache/xmlbeans/impl/store/Xobj;I)V @ 5 c2
Event: 2.635 Thread 0x00000000002faee0 DEOPT PACKING pc=0x0000000011911e44 sp=0x00000000022be580
Event: 2.635 Thread 0x00000000002faee0 DEOPT UNPACKING pc=0x0000000009ded728 sp=0x00000000022be538 mode 2
Event: 2.813 Thread 0x00000000002faee0 Uncommon trap: trap_request=0xffffff45 fr.pc=0x00000000119049f4 relative=0x00000000000001d4
Event: 2.813 Thread 0x00000000002faee0 Uncommon trap: reason=unstable_if action=reinterpret pc=0x00000000119049f4 method=javax.xml.namespace.QName.equals(Ljava/lang/Object;)Z @ 2 c2
Event: 2.813 Thread 0x00000000002faee0 DEOPT PACKING pc=0x00000000119049f4 sp=0x00000000022be610
Event: 2.813 Thread 0x00000000002faee0 DEOPT UNPACKING pc=0x0000000009ded728 sp=0x00000000022be5a0 mode 2
Event: 3.668 Thread 0x00000000002faee0 DEOPT PACKING pc=0x000000000a752438 sp=0x00000000022bea40
Event: 3.668 Thread 0x00000000002faee0 DEOPT UNPACKING pc=0x0000000009dedeaf sp=0x00000000022bdf08 mode 0
Event: 3.779 Thread 0x00000000002faee0 DEOPT PACKING pc=0x000000000a755446 sp=0x00000000022beac0
Event: 3.780 Thread 0x00000000002faee0 DEOPT UNPACKING pc=0x0000000009dedeaf sp=0x00000000022be048 mode 0
Event: 4.376 Thread 0x00000000002faee0 DEOPT PACKING pc=0x000000000a78469b sp=0x00000000022be660
Event: 4.376 Thread 0x00000000002faee0 DEOPT UNPACKING pc=0x0000000009dedeaf sp=0x00000000022bdb28 mode 0

Classes unloaded (0 events):
No events

Classes redefined (0 events):
No events

Internal exceptions (20 events):
Event: 0.499 Thread 0x00000000002faee0 Exception <a 'java/lang/NoSuchMethodError'{0x00000000c3af5400}: 'java.lang.Object java.lang.invoke.DirectMethodHandle$Holder.newInvokeSpecial(java.lang.Object, int, java.lang.Object)'> (0x00000000c3af5400) 
thrown [t:\workspace\open\src\hotspot\share\interpreter\linkResolver.cpp, line 790]
Event: 0.516 Thread 0x00000000002faee0 Exception <a 'java/lang/NoSuchMethodError'{0x00000000c3925478}: 'java.lang.Object java.lang.invoke.DirectMethodHandle$Holder.invokeInterface(java.lang.Object, java.lang.Object)'> (0x00000000c3925478) 
thrown [t:\workspace\open\src\hotspot\share\interpreter\linkResolver.cpp, line 790]
Event: 0.518 Thread 0x00000000002faee0 Exception <a 'java/lang/IncompatibleClassChangeError'{0x00000000c3928e70}: Found class java.lang.Object, but interface was expected> (0x00000000c3928e70) 
thrown [t:\workspace\open\src\hotspot\share\interpreter\linkResolver.cpp, line 857]
Event: 0.541 Thread 0x00000000002faee0 Exception <a 'java/lang/NoSuchMethodError'{0x00000000c394ba80}: 'void java.lang.invoke.DirectMethodHandle$Holder.invokeSpecial(java.lang.Object, java.lang.Object, java.lang.Object, java.lang.Object, java.lang.Object)'> (0x00000000c394ba80) 
thrown [t:\workspace\open\src\hotspot\share\interpreter\linkResolver.cpp, line 790]
Event: 0.913 Thread 0x00000000002faee0 Exception <a 'java/lang/NoSuchMethodError'{0x00000000c3e84490}: 'int java.lang.invoke.DirectMethodHandle$Holder.invokeStaticInit(java.lang.Object, java.lang.Object, java.lang.Object)'> (0x00000000c3e84490) 
thrown [t:\workspace\open\src\hotspot\share\interpreter\linkResolver.cpp, line 790]
Event: 0.938 Thread 0x00000000002faee0 Exception <a 'java/lang/NoSuchMethodError'{0x00000000c3d05b18}: 'void java.lang.invoke.DirectMethodHandle$Holder.invokeVirtual(java.lang.Object, java.lang.Object, java.lang.Object, java.lang.Object)'> (0x00000000c3d05b18) 
thrown [t:\workspace\open\src\hotspot\share\interpreter\linkResolver.cpp, line 790]
Event: 0.969 Thread 0x00000000002faee0 Exception <a 'java/lang/NoSuchMethodError'{0x00000000c3d514e0}: 'void java.lang.invoke.DirectMethodHandle$Holder.invokeStatic(java.lang.Object, java.lang.Object, java.lang.Object, int)'> (0x00000000c3d514e0) 
thrown [t:\workspace\open\src\hotspot\share\interpreter\linkResolver.cpp, line 790]
Event: 0.969 Thread 0x00000000002faee0 Exception <a 'java/lang/NoSuchMethodError'{0x00000000c3d54e28}: 'void java.lang.invoke.DirectMethodHandle$Holder.invokeStaticInit(java.lang.Object, java.lang.Object, java.lang.Object, int)'> (0x00000000c3d54e28) 
thrown [t:\workspace\open\src\hotspot\share\interpreter\linkResolver.cpp, line 790]
Event: 1.012 Thread 0x00000000002faee0 Exception <a 'java/lang/NoSuchMethodError'{0x00000000c3c27248}: 'void java.lang.invoke.DirectMethodHandle$Holder.invokeInterface(java.lang.Object, java.lang.Object, java.lang.Object)'> (0x00000000c3c27248) 
thrown [t:\workspace\open\src\hotspot\share\interpreter\linkResolver.cpp, line 790]
Event: 1.324 Thread 0x00000000002faee0 Exception <a 'java/lang/NoSuchMethodError'{0x00000000c3899b00}: 'java.lang.Object java.lang.invoke.DirectMethodHandle$Holder.invokeStatic(java.lang.Object, java.lang.Object, int, int)'> (0x00000000c3899b00) 
thrown [t:\workspace\open\src\hotspot\share\interpreter\linkResolver.cpp, line 790]
Event: 1.325 Thread 0x00000000002faee0 Exception <a 'java/lang/NoSuchMethodError'{0x00000000c389d780}: 'java.lang.Object java.lang.invoke.DirectMethodHandle$Holder.invokeStaticInit(java.lang.Object, java.lang.Object, int, int)'> (0x00000000c389d780) 
thrown [t:\workspace\open\src\hotspot\share\interpreter\linkResolver.cpp, line 790]
Event: 1.618 Thread 0x00000000002faee0 Implicit null exception at 0x00000000118c8f5e to 0x00000000118c9fc4
Event: 1.848 Thread 0x00000000002faee0 Exception <a 'java/lang/NoSuchMethodError'{0x00000000c3ab6720}: 'java.lang.Object java.lang.invoke.DirectMethodHandle$Holder.newInvokeSpecial(java.lang.Object, java.lang.Object, int, java.lang.Object)'> (0x00000000c3ab6720) 
thrown [t:\workspace\open\src\hotspot\share\interpreter\linkResolver.cpp, line 790]
Event: 1.848 Thread 0x00000000002faee0 Exception <a 'java/lang/NoSuchMethodError'{0x00000000c3ababd8}: 'java.lang.Object java.lang.invoke.DirectMethodHandle$Holder.invokeSpecial(java.lang.Object, java.lang.Object, java.lang.Object, int, java.lang.Object)'> (0x00000000c3ababd8) 
thrown [t:\workspace\open\src\hotspot\share\interpreter\linkResolver.cpp, line 790]
Event: 1.849 Thread 0x00000000002faee0 Exception <a 'java/lang/NoSuchMethodError'{0x00000000c3abec40}: 'java.lang.Object java.lang.invoke.Invokers$Holder.linkToTargetMethod(java.lang.Object, int, java.lang.Object, java.lang.Object)'> (0x00000000c3abec40) 
thrown [t:\workspace\open\src\hotspot\share\interpreter\linkResolver.cpp, line 790]
Event: 1.855 Thread 0x00000000002faee0 Exception <a 'java/lang/NoSuchMethodError'{0x00000000c391b4a0}: 'void java.lang.invoke.DirectMethodHandle$Holder.invokeVirtual(java.lang.Object, java.lang.Object)'> (0x00000000c391b4a0) 
thrown [t:\workspace\open\src\hotspot\share\interpreter\linkResolver.cpp, line 790]
Event: 2.756 Thread 0x00000000002faee0 Exception <a 'java/lang/NoSuchMethodError'{0x00000000c2ce6008}: 'java.lang.Object java.lang.invoke.DirectMethodHandle$Holder.invokeVirtual(java.lang.Object, java.lang.Object, int)'> (0x00000000c2ce6008) 
thrown [t:\workspace\open\src\hotspot\share\interpreter\linkResolver.cpp, line 790]
Event: 2.757 Thread 0x00000000002faee0 Exception <a 'java/lang/NoSuchMethodError'{0x00000000c2ced990}: 'void java.lang.invoke.DirectMethodHandle$Holder.invokeVirtual(java.lang.Object, java.lang.Object, int, java.lang.Object)'> (0x00000000c2ced990) 
thrown [t:\workspace\open\src\hotspot\share\interpreter\linkResolver.cpp, line 790]
Event: 2.758 Thread 0x00000000002faee0 Exception <a 'java/lang/NoSuchMethodError'{0x00000000c2cf89d8}: 'void java.lang.invoke.DirectMethodHandle$Holder.invokeVirtual(java.lang.Object, java.lang.Object, int)'> (0x00000000c2cf89d8) 
thrown [t:\workspace\open\src\hotspot\share\interpreter\linkResolver.cpp, line 790]
Event: 2.759 Thread 0x00000000002faee0 Exception <a 'java/lang/NoSuchMethodError'{0x00000000c2cffad8}: 'int java.lang.invoke.DirectMethodHandle$Holder.invokeVirtual(java.lang.Object, java.lang.Object)'> (0x00000000c2cffad8) 
thrown [t:\workspace\open\src\hotspot\share\interpreter\linkResolver.cpp, line 790]

Events (20 events):
Event: 2.814 loading class java/util/TreeMap$NavigableSubMap
Event: 2.814 loading class java/util/TreeMap$NavigableSubMap done
Event: 2.814 loading class java/util/TreeMap$AscendingSubMap done
Event: 2.814 loading class java/util/TreeMap$NavigableSubMap$SubMapKeyIterator
Event: 2.815 loading class java/util/TreeMap$NavigableSubMap$SubMapIterator
Event: 2.815 loading class java/util/TreeMap$NavigableSubMap$SubMapIterator done
Event: 2.815 loading class java/util/TreeMap$NavigableSubMap$SubMapKeyIterator done
Event: 2.830 loading class jdk/internal/math/FDBigInteger
Event: 2.830 loading class jdk/internal/math/FDBigInteger done
Event: 3.057 Executing  VM operation: G1CollectForAllocation
Event: 3.147 Executing  VM operation: G1CollectForAllocation done
Event: 3.574 Executing  VM operation: G1CollectForAllocation
Event: 3.624 Executing  VM operation: G1CollectForAllocation done
Event: 4.018 Executing  VM operation: G1CollectForAllocation
Event: 4.051 Executing  VM operation: G1CollectForAllocation done
Event: 4.222 Executing  VM operation: G1CollectForAllocation
Event: 4.263 Executing  VM operation: G1CollectForAllocation done
Event: 4.317 Executing  VM operation: G1CollectForAllocation
Event: 4.341 Executing  VM operation: G1CollectForAllocation done
Event: 4.378 Executing  VM operation: G1CollectForAllocation


Dynamic libraries:
0x000000013f4a0000 - 0x000000013f4b0000 	C:\Program Files\Java\jdk-16.0.2\bin\java.exe
0x0000000076e50000 - 0x0000000076fef000 	C:\Windows\SYSTEM32\ntdll.dll
0x0000000076c30000 - 0x0000000076d50000 	C:\Windows\system32\kernel32.dll
0x000007fefca10000 - 0x000007fefca77000 	C:\Windows\system32\KERNELBASE.dll
0x000007fedaaf0000 - 0x000007fedab08000 	C:\Program Files\Java\jdk-16.0.2\bin\jli.dll
0x000007fefe140000 - 0x000007fefe21b000 	C:\Windows\system32\ADVAPI32.dll
0x000007feff0a0000 - 0x000007feff13f000 	C:\Windows\system32\msvcrt.dll
0x000007fefed70000 - 0x000007fefed8f000 	C:\Windows\SYSTEM32\sechost.dll
0x000007fefe6a0000 - 0x000007fefe7ca000 	C:\Windows\system32\RPCRT4.dll
0x000007fefb110000 - 0x000007fefb305000 	C:\Windows\WinSxS\amd64_microsoft.windows.common-controls_6595b64144ccf1df_6.0.7601.24483_none_e372d88f30fbb845\COMCTL32.dll
0x000007fefed00000 - 0x000007fefed68000 	C:\Windows\system32\GDI32.dll
0x0000000076d50000 - 0x0000000076e4b000 	C:\Windows\system32\USER32.dll
0x000007fefeff0000 - 0x000007fefeffe000 	C:\Windows\system32\LPK.dll
0x000007fefe5d0000 - 0x000007fefe69b000 	C:\Windows\system32\USP10.dll
0x000007fefe7d0000 - 0x000007fefe841000 	C:\Windows\system32\SHLWAPI.dll
0x000007fefb7d0000 - 0x000007fefb7dc000 	C:\Windows\system32\VERSION.dll
0x000007fedb460000 - 0x000007fedb479000 	C:\Program Files\Java\jdk-16.0.2\bin\VCRUNTIME140.dll
0x000007feef0a0000 - 0x000007feef0a4000 	C:\Program Files\Java\jdk-16.0.2\bin\api-ms-win-crt-runtime-l1-1-0.dll
0x000007feda8f0000 - 0x000007feda9ea000 	C:\Program Files\Java\jdk-16.0.2\bin\ucrtbase.DLL
0x000007fefa700000 - 0x000007fefa703000 	C:\Program Files\Java\jdk-16.0.2\bin\api-ms-win-core-localization-l1-2-0.dll
0x000007fedaae0000 - 0x000007fedaae3000 	C:\Program Files\Java\jdk-16.0.2\bin\api-ms-win-core-processthreads-l1-1-1.dll
0x000007feeeaf0000 - 0x000007feeeaf3000 	C:\Program Files\Java\jdk-16.0.2\bin\api-ms-win-core-file-l1-2-0.dll
0x000007fedaad0000 - 0x000007fedaad3000 	C:\Program Files\Java\jdk-16.0.2\bin\api-ms-win-core-timezone-l1-1-0.dll
0x000007fedaac0000 - 0x000007fedaac3000 	C:\Program Files\Java\jdk-16.0.2\bin\api-ms-win-core-file-l2-1-0.dll
0x000007fedaab0000 - 0x000007fedaab3000 	C:\Program Files\Java\jdk-16.0.2\bin\api-ms-win-core-synch-l1-2-0.dll
0x000007fedaaa0000 - 0x000007fedaaa3000 	C:\Program Files\Java\jdk-16.0.2\bin\api-ms-win-crt-heap-l1-1-0.dll
0x000007fedaa90000 - 0x000007fedaa94000 	C:\Program Files\Java\jdk-16.0.2\bin\api-ms-win-crt-string-l1-1-0.dll
0x000007fedaa80000 - 0x000007fedaa84000 	C:\Program Files\Java\jdk-16.0.2\bin\api-ms-win-crt-stdio-l1-1-0.dll
0x000007fedaa70000 - 0x000007fedaa74000 	C:\Program Files\Java\jdk-16.0.2\bin\api-ms-win-crt-convert-l1-1-0.dll
0x000007fedaa60000 - 0x000007fedaa63000 	C:\Program Files\Java\jdk-16.0.2\bin\api-ms-win-crt-environment-l1-1-0.dll
0x000007fedaa50000 - 0x000007fedaa53000 	C:\Program Files\Java\jdk-16.0.2\bin\api-ms-win-crt-filesystem-l1-1-0.dll
0x000007fedaa40000 - 0x000007fedaa45000 	C:\Program Files\Java\jdk-16.0.2\bin\api-ms-win-crt-math-l1-1-0.dll
0x000007fedaa30000 - 0x000007fedaa33000 	C:\Program Files\Java\jdk-16.0.2\bin\api-ms-win-crt-locale-l1-1-0.dll
0x000007fefcf10000 - 0x000007fefcf3e000 	C:\Windows\system32\IMM32.DLL
0x000007fefcde0000 - 0x000007fefceeb000 	C:\Windows\system32\MSCTF.dll
0x000007fedaa20000 - 0x000007fedaa2c000 	C:\Program Files\Java\jdk-16.0.2\bin\vcruntime140_1.dll
0x000007feda850000 - 0x000007feda8e1000 	C:\Program Files\Java\jdk-16.0.2\bin\msvcp140.dll
0x000007fedaa10000 - 0x000007fedaa13000 	C:\Program Files\Java\jdk-16.0.2\bin\api-ms-win-crt-time-l1-1-0.dll
0x000007fedaa00000 - 0x000007fedaa03000 	C:\Program Files\Java\jdk-16.0.2\bin\api-ms-win-crt-utility-l1-1-0.dll
0x000007fed9ca0000 - 0x000007feda84b000 	C:\Program Files\Java\jdk-16.0.2\bin\server\jvm.dll
0x000007fef8d20000 - 0x000007fef8d29000 	C:\Windows\system32\WSOCK32.dll
0x000007fefdce0000 - 0x000007fefdd2d000 	C:\Windows\system32\WS2_32.dll
0x000007fefdcd0000 - 0x000007fefdcd8000 	C:\Windows\system32\NSI.dll
0x000007fef98d0000 - 0x000007fef990b000 	C:\Windows\system32\WINMM.dll
0x0000000076ff0000 - 0x0000000076ff7000 	C:\Windows\system32\PSAPI.DLL
0x000007feda9f0000 - 0x000007feda9fa000 	C:\Program Files\Java\jdk-16.0.2\bin\jimage.dll
0x000007fef4db0000 - 0x000007fef4ed5000 	C:\Windows\system32\DBGHELP.DLL
0x000007fef1640000 - 0x000007fef164e000 	C:\Program Files\Java\jdk-16.0.2\bin\instrument.dll
0x000007fed9c40000 - 0x000007fed9c65000 	C:\Program Files\Java\jdk-16.0.2\bin\java.dll
0x000007fefcf40000 - 0x000007fefdccb000 	C:\Windows\system32\SHELL32.dll
0x000007fefed90000 - 0x000007fefef90000 	C:\Windows\system32\ole32.dll
0x000007fefc960000 - 0x000007fefc96f000 	C:\Windows\system32\profapi.dll
0x000007fed9c00000 - 0x000007fed9c18000 	C:\Program Files\Java\jdk-16.0.2\bin\zip.dll
0x000007fed9c80000 - 0x000007fed9c99000 	C:\Program Files\Java\jdk-16.0.2\bin\net.dll
0x000007fef8ca0000 - 0x000007fef8d11000 	C:\Windows\system32\WINHTTP.dll
0x000007fef8c30000 - 0x000007fef8c95000 	C:\Windows\system32\webio.dll
0x000007fefc070000 - 0x000007fefc0c5000 	C:\Windows\system32\mswsock.dll
0x000007fefc060000 - 0x000007fefc067000 	C:\Windows\System32\wship6.dll
0x000007fed9c20000 - 0x000007fed9c33000 	C:\Program Files\Java\jdk-16.0.2\bin\nio.dll
0x000007feef0c0000 - 0x000007feef0da000 	C:\Program Files\JetBrains\IntelliJ IDEA 2021.3.3\bin\breakgen64.dll

dbghelp: loaded successfully - version: 4.0.5 - missing functions: none
symbol engine: initialized successfully - sym options: 0x614 - pdb path: .;C:\Program Files\Java\jdk-16.0.2\bin;C:\Windows\SYSTEM32;C:\Windows\WinSxS\amd64_microsoft.windows.common-controls_6595b64144ccf1df_6.0.7601.24483_none_e372d88f30fbb845;C:\Program Files\Java\jdk-16.0.2\bin\server;C:\Program Files\JetBrains\IntelliJ IDEA 2021.3.3\bin

VM Arguments:
jvm_args: -javaagent:C:\Program Files\JetBrains\IntelliJ IDEA 2021.3.3\lib\idea_rt.jar=57790:C:\Program Files\JetBrains\IntelliJ IDEA 2021.3.3\bin -Dfile.encoding=windows-1251 
java_command: MainKt
java_class_path (initial): C:\Users\ƒмитрий\Desktop\ExamBear\build\classes\kotlin\main;C:\Users\ƒмитрий\.gradle\caches\modules-2\files-2.1\org.jetbrains.kotlin\kotlin-stdlib-jdk8\1.5.10\3f4af7aff21c4ec46e3cdd645639d0a63a68d3d0\kotlin-stdlib-jdk8-1.5.10.jar;C:\Users\ƒмитрий\.gradle\caches\modules-2\files-2.1\org.apache.poi\poi-ooxml\5.2.3\2efd11c940adb18c03eb9ce7ad88fc40ee6a196\poi-ooxml-5.2.3.jar;C:\Users\ƒмитрий\.gradle\caches\modules-2\files-2.1\org.jetbrains.kotlin\kotlin-stdlib-jdk7\1.5.10\c49d0703d16c6cb1526cc07b9b46486da1dd8a60\kotlin-stdlib-jdk7-1.5.10.jar;C:\Users\ƒмитрий\.gradle\caches\modules-2\files-2.1\org.jetbrains.kotlin\kotlin-stdlib\1.5.10\da6a904b132f0402fa4d79169a3c1770598d4702\kotlin-stdlib-1.5.10.jar;C:\Users\ƒмитрий\.gradle\caches\modules-2\files-2.1\org.apache.poi\poi\5.2.3\2fb22ae74ad5aea6af1a9c64b9542f2ccf348604\poi-5.2.3.jar;C:\Users\ƒмитрий\.gradle\caches\modules-2\files-2.1\org.apache.poi\poi-ooxml-lite\5.2.3\db113c8e9051b0ff967f4911fa20336c8325a7c5\poi-ooxml-lite-5.2.3.jar;C:\Users\ƒмитрий\.gradle\caches\modules-2\files-2.1\org.apache.xmlbeans\xmlbeans\5.1.1\48a369df0eccb509d46203104e4df9cb00f0f68b\xmlbeans-5.1.1.jar;C:\Users\ƒмитрий\.gradle\caches\modules-2\files-2.1\org.apache.commons\commons-compress\1.21\4ec95b60d4e86b5c95a0e919cb172a0af98011ef\commons-compress-1.21.jar;C:\Users\ƒмитрий\.gradle\caches\modules-2\files-2.1\commons-io\commons-io\2.11.0\a2503f302b11ebde7ebc3df41daebe0e4eea3689\commons-io-2.11.0.jar;C:\Users\ƒмитрий\.gradle\caches\modules-2\files-2.1\com.github.virtuald\curvesapi\1.07\863654849995f9d4f0ed2ed1a3870da3a108473c\curvesapi-1.07.jar;C:\Users\ƒмитрий\.gradle\caches\modules-2\files-2.1\org.apache.logging.log4j\log4j-api\2.18.0\c72ad9b1d8d42e4ea7befd8248bf05877af4c63d\log4j-api-2.18.0.jar;C:\Users\ƒмитрий\.gradle\caches\modules-2\files-2.1\org.apache.commons\commons-collections4\4.4\62ebe7544cb7164d87e0637a2a6a2bdc981395e8\commons-collections4-4.4.jar;C:\Users\ƒмитрий\.gradle\caches\modules-2\files-2.1\org.jetbra
Launcher Type: SUN_STANDARD

[Global flags]
     intx CICompilerCount                          = 3                                         {product} {ergonomic}
     uint ConcGCThreads                            = 1                                         {product} {ergonomic}
     uint G1ConcRefinementThreads                  = 4                                         {product} {ergonomic}
   size_t G1HeapRegionSize                         = 1048576                                   {product} {ergonomic}
    uintx GCDrainStackTargetSize                   = 64                                        {product} {ergonomic}
   size_t InitialHeapSize                          = 67108864                                  {product} {ergonomic}
   size_t MarkStackSize                            = 4194304                                   {product} {ergonomic}
   size_t MaxHeapSize                              = 1073741824                                {product} {ergonomic}
   size_t MaxNewSize                               = 643825664                                 {product} {ergonomic}
   size_t MinHeapDeltaBytes                        = 1048576                                   {product} {ergonomic}
   size_t MinHeapSize                              = 8388608                                   {product} {ergonomic}
    uintx NonNMethodCodeHeapSize                   = 5832780                                {pd product} {ergonomic}
    uintx NonProfiledCodeHeapSize                  = 122912730                              {pd product} {ergonomic}
    uintx ProfiledCodeHeapSize                     = 122912730                              {pd product} {ergonomic}
    uintx ReservedCodeCacheSize                    = 251658240                              {pd product} {ergonomic}
     bool SegmentedCodeCache                       = true                                      {product} {ergonomic}
   size_t SoftMaxHeapSize                          = 1073741824                             {manageable} {ergonomic}
     bool UseCompressedClassPointers               = true                           {product lp64_product} {ergonomic}
     bool UseCompressedOops                        = true                           {product lp64_product} {ergonomic}
     bool UseG1GC                                  = true                                      {product} {ergonomic}
     bool UseLargePagesIndividualAllocation        = false                                  {pd product} {ergonomic}

Logging:
Log output configuration:
 #0: stdout all=warning uptime,level,tags
 #1: stderr all=off uptime,level,tags

Environment Variables:
PATH=C:\Program Files\Common Files\Oracle\Java\javapath;D:\Python\Scripts\;D:\Python\;C:\Windows\system32;C:\Windows;C:\Windows\System32\Wbem;C:\Windows\System32\WindowsPowerShell\v1.0\;C:\Program Files\swipl\bin;C:\Program Files\Git\cmd;C:\Program Files\Java\jdk-16.0.2\bin;C:\Program Files\JetBrains\IntelliJ IDEA 2021.3.3\bin;;C:\Users\ƒмитрий\AppData\Local\Programs\Microsoft VS Code\bin
USERNAME=ƒмитрий
OS=Windows_NT
PROCESSOR_IDENTIFIER=Intel64 Family 6 Model 23 Stepping 10, GenuineIntel



---------------  S Y S T E M  ---------------

OS:
 Windows 7 , 64 bit Build 7601 (6.1.7601.25682)
OS uptime: 0 days 8:16 hours

CPU: total 4 (initial active 4) (4 cores per cpu, 1 threads per core) family 6 model 23 stepping 10 microcode 0x0, cx8, cmov, fxsr, mmx, sse, sse2, sse3, ssse3, sse4.1, tsc, clflush

Memory: 4k page, system-wide physical 4094M (311M free)
TotalPageFile size 6140M (AvailPageFile size 10M)
current process WorkingSet (physical memory assigned to process): 155M, peak: 156M
current process commit charge ("private bytes"): 204M, peak: 313M

vm_info: Java HotSpot(TM) 64-Bit Server VM (16.0.2+7-67) for windows-amd64 JRE (16.0.2+7-67), built on Jun  8 2021 23:24:19 by "mach5one" with MS VC++ 16.7 (VS2019)

END.
